[INFO]	asctime:2019-06-20 20:02:03,560	module:views	message:('エラーコード: 20001 内容: API認証に失敗しました',)
[INFO]	asctime:2019-06-20 20:06:37,828	module:views	message:('エラーコード: 20001 内容: API認証に失敗しました',)
[INFO]	asctime:2019-06-20 20:07:30,872	module:views	message:('エラーコード: 20001 内容: API認証に失敗しました',)
[INFO]	asctime:2019-06-20 20:32:11,989	module:views	message:('エラーコード: 20001 内容: API認証に失敗しました',)
[INFO]	asctime:2019-06-20 20:32:21,056	module:views	message:('エラーコード: 20001 内容: API認証に失敗しました',)
[INFO]	asctime:2019-06-20 20:32:21,435	module:views	message:('エラーコード: 20001 内容: API認証に失敗しました',)
[INFO]	asctime:2019-06-20 20:32:38,810	module:views	message:('エラーコード: 20001 内容: API認証に失敗しました',)
[INFO]	asctime:2019-06-23 22:00:33,026	module:views	message:('エラーコード: 20001 内容: API認証に失敗しました',)
[INFO]	asctime:2019-06-23 22:00:34,035	module:views	message:('エラーコード: 20001 内容: API認証に失敗しました',)
[INFO]	asctime:2019-06-23 22:00:34,474	module:views	message:('エラーコード: 20001 内容: API認証に失敗しました',)
[INFO]	asctime:2019-06-23 22:00:40,376	module:views	message:('エラーコード: 20001 内容: API認証に失敗しました',)
[INFO]	asctime:2019-06-23 22:00:48,244	module:views	message:('エラーコード: 20001 内容: API認証に失敗しました',)
[INFO]	asctime:2019-06-23 22:00:49,126	module:views	message:('エラーコード: 20001 内容: API認証に失敗しました',)
[INFO]	asctime:2019-06-23 22:01:54,643	module:views	message:('エラーコード: 20001 内容: API認証に失敗しました',)
[INFO]	asctime:2019-06-23 22:01:55,513	module:views	message:('エラーコード: 20001 内容: API認証に失敗しました',)
[INFO]	asctime:2019-06-23 22:01:55,923	module:views	message:('エラーコード: 20001 内容: API認証に失敗しました',)
[INFO]	asctime:2019-06-23 22:02:04,387	module:views	message:('エラーコード: 20001 内容: API認証に失敗しました',)
[INFO]	asctime:2019-06-23 22:02:06,047	module:views	message:('エラーコード: 20001 内容: API認証に失敗しました',)
[INFO]	asctime:2019-06-23 22:03:16,239	module:views	message:('エラーコード: 20001 内容: API認証に失敗しました',)
[INFO]	asctime:2019-06-23 22:03:17,169	module:views	message:('エラーコード: 20001 内容: API認証に失敗しました',)
[INFO]	asctime:2019-06-23 22:03:17,706	module:views	message:('エラーコード: 20001 内容: API認証に失敗しました',)
[INFO]	asctime:2019-06-23 22:03:45,725	module:views	message:('エラーコード: 20001 内容: API認証に失敗しました',)
[INFO]	asctime:2019-06-23 22:03:46,895	module:views	message:('エラーコード: 20001 内容: API認証に失敗しました',)
[INFO]	asctime:2019-06-23 22:03:47,411	module:views	message:('エラーコード: 20001 内容: API認証に失敗しました',)
[INFO]	asctime:2019-06-23 22:03:50,742	module:views	message:('エラーコード: 20001 内容: API認証に失敗しました',)
[INFO]	asctime:2019-06-23 22:04:02,006	module:views	message:('エラーコード: 20001 内容: API認証に失敗しました',)
[INFO]	asctime:2019-06-23 22:04:03,224	module:views	message:('エラーコード: 20001 内容: API認証に失敗しました',)
[INFO]	asctime:2019-06-23 22:04:06,322	module:views	message:('エラーコード: 20001 内容: API認証に失敗しました',)
[ERROR]	asctime:2019-06-23 22:04:10,743	module:models	message:place bitbank order: ('エラーコード: 60004 内容: 指定した数量がしきい値を下回っています',)
[INFO]	asctime:2019-06-23 22:04:25,096	module:views	message:('エラーコード: 20001 内容: API認証に失敗しました',)
[INFO]	asctime:2019-06-23 22:04:26,084	module:views	message:('エラーコード: 20001 内容: API認証に失敗しました',)
[INFO]	asctime:2019-06-23 22:04:26,621	module:views	message:('エラーコード: 20001 内容: API認証に失敗しました',)
[INFO]	asctime:2019-06-23 22:05:11,694	module:views	message:('エラーコード: 20001 内容: API認証に失敗しました',)
[INFO]	asctime:2019-06-23 22:05:12,103	module:views	message:('エラーコード: 20001 内容: API認証に失敗しました',)
[ERROR]	asctime:2019-06-23 22:24:17,174	module:models	message:update bitbank order: ('Expecting value: line 1 column 1 (char 0)',)
[ERROR]	asctime:2019-06-23 22:38:53,369	module:models	message:update bitbank order: ('Expecting value: line 1 column 1 (char 0)',)
[ERROR]	asctime:2019-06-23 23:09:06,029	module:models	message:update bitbank order: ('Expecting value: line 1 column 1 (char 0)',)
[ERROR]	asctime:2019-06-23 23:21:26,581	module:models	message:update bitbank order: ('Expecting value: line 1 column 1 (char 0)',)
[ERROR]	asctime:2019-06-23 23:23:46,069	module:models	message:update bitbank order: ('Expecting value: line 1 column 1 (char 0)',)
[ERROR]	asctime:2019-06-23 23:36:28,598	module:models	message:update bitbank order: ('Expecting value: line 1 column 1 (char 0)',)
[ERROR]	asctime:2019-06-23 23:39:34,718	module:models	message:update bitbank order: ('Expecting value: line 1 column 1 (char 0)',)
[ERROR]	asctime:2019-06-23 23:58:17,908	module:models	message:update bitbank order: ('Expecting value: line 1 column 1 (char 0)',)
[ERROR]	asctime:2019-06-24 00:19:07,495	module:models	message:update bitbank order: ('Expecting value: line 1 column 1 (char 0)',)
[ERROR]	asctime:2019-06-24 00:32:32,402	module:models	message:update bitbank order: ('Expecting value: line 1 column 1 (char 0)',)
[ERROR]	asctime:2019-06-24 00:34:54,895	module:models	message:update bitbank order: ('Expecting value: line 1 column 1 (char 0)',)
[ERROR]	asctime:2019-06-24 00:36:59,564	module:models	message:update bitbank order: ('Expecting value: line 1 column 1 (char 0)',)
[ERROR]	asctime:2019-06-24 00:38:06,347	module:models	message:update bitbank order: ('Expecting value: line 1 column 1 (char 0)',)
[ERROR]	asctime:2019-06-24 01:00:16,367	module:models	message:update bitbank order: ('Expecting value: line 1 column 1 (char 0)',)
[ERROR]	asctime:2019-06-24 01:00:43,076	module:models	message:update bitbank order: ('Expecting value: line 1 column 1 (char 0)',)
[ERROR]	asctime:2019-06-24 01:23:18,155	module:models	message:update bitbank order: ('Expecting value: line 1 column 1 (char 0)',)
[ERROR]	asctime:2019-06-24 01:24:35,162	module:models	message:update bitbank order: ('Expecting value: line 1 column 1 (char 0)',)
[ERROR]	asctime:2019-06-24 01:32:00,391	module:models	message:update bitbank order: ('Expecting value: line 1 column 1 (char 0)',)
[ERROR]	asctime:2019-06-24 01:42:34,360	module:models	message:update bitbank order: ('Expecting value: line 1 column 1 (char 0)',)
[ERROR]	asctime:2019-06-24 01:43:24,547	module:models	message:update bitbank order: ('Expecting value: line 1 column 1 (char 0)',)
[ERROR]	asctime:2019-06-24 02:00:43,319	module:models	message:update bitbank order: ('Expecting value: line 1 column 1 (char 0)',)
[ERROR]	asctime:2019-06-24 02:04:09,054	module:models	message:update bitbank order: ('Expecting value: line 1 column 1 (char 0)',)
[ERROR]	asctime:2019-06-24 02:04:26,088	module:models	message:update bitbank order: ('Expecting value: line 1 column 1 (char 0)',)
[ERROR]	asctime:2019-06-24 02:15:08,587	module:models	message:update bitbank order: ('Expecting value: line 1 column 1 (char 0)',)
[ERROR]	asctime:2019-06-24 02:18:13,743	module:models	message:update bitbank order: ('Expecting value: line 1 column 1 (char 0)',)
[ERROR]	asctime:2019-06-24 02:18:59,585	module:models	message:update bitbank order: ('Expecting value: line 1 column 1 (char 0)',)
[ERROR]	asctime:2019-06-24 02:22:04,226	module:models	message:update bitbank order: ('Expecting value: line 1 column 1 (char 0)',)
[ERROR]	asctime:2019-06-24 02:22:16,823	module:models	message:update bitbank order: ('Expecting value: line 1 column 1 (char 0)',)
[ERROR]	asctime:2019-06-24 02:28:25,472	module:models	message:update bitbank order: ('Expecting value: line 1 column 1 (char 0)',)
[ERROR]	asctime:2019-06-24 02:29:46,824	module:models	message:update bitbank order: ('Expecting value: line 1 column 1 (char 0)',)
[ERROR]	asctime:2019-06-24 02:30:59,634	module:models	message:update bitbank order: ('Expecting value: line 1 column 1 (char 0)',)
[ERROR]	asctime:2019-06-24 02:41:35,137	module:models	message:update bitbank order: ('Expecting value: line 1 column 1 (char 0)',)
[ERROR]	asctime:2019-06-24 02:46:04,230	module:models	message:update bitbank order: ('Expecting value: line 1 column 1 (char 0)',)
[ERROR]	asctime:2019-06-24 02:46:14,591	module:models	message:update bitbank order: ('Expecting value: line 1 column 1 (char 0)',)
[ERROR]	asctime:2019-06-24 02:48:59,609	module:models	message:update bitbank order: ('Expecting value: line 1 column 1 (char 0)',)
[ERROR]	asctime:2019-06-24 02:51:04,229	module:models	message:update bitbank order: ('Expecting value: line 1 column 1 (char 0)',)
[ERROR]	asctime:2019-06-24 02:53:27,010	module:models	message:update bitbank order: ('Expecting value: line 1 column 1 (char 0)',)
[ERROR]	asctime:2019-06-24 02:55:18,154	module:models	message:update bitbank order: ('Expecting value: line 1 column 1 (char 0)',)
[ERROR]	asctime:2019-06-24 02:56:26,306	module:models	message:update bitbank order: ('Expecting value: line 1 column 1 (char 0)',)
[ERROR]	asctime:2019-06-24 02:59:09,504	module:models	message:update bitbank order: ('Expecting value: line 1 column 1 (char 0)',)
[ERROR]	asctime:2019-06-24 03:01:58,185	module:models	message:update bitbank order: ('Expecting value: line 1 column 1 (char 0)',)
[ERROR]	asctime:2019-06-24 03:02:15,610	module:models	message:update bitbank order: ('Expecting value: line 1 column 1 (char 0)',)
[ERROR]	asctime:2019-06-24 03:04:05,981	module:models	message:update bitbank order: ('Expecting value: line 1 column 1 (char 0)',)
[ERROR]	asctime:2019-06-24 03:26:18,421	module:models	message:update bitbank order: ('Expecting value: line 1 column 1 (char 0)',)
[ERROR]	asctime:2019-06-24 03:31:16,792	module:models	message:update bitbank order: ('Expecting value: line 1 column 1 (char 0)',)
[ERROR]	asctime:2019-06-24 03:32:36,613	module:models	message:update bitbank order: ('Expecting value: line 1 column 1 (char 0)',)
[ERROR]	asctime:2019-06-24 03:40:59,779	module:models	message:update bitbank order: ('Expecting value: line 1 column 1 (char 0)',)
[ERROR]	asctime:2019-06-24 03:45:23,935	module:models	message:update bitbank order: ('Expecting value: line 1 column 1 (char 0)',)
[ERROR]	asctime:2019-06-24 03:46:16,780	module:models	message:update bitbank order: ('Expecting value: line 1 column 1 (char 0)',)
[ERROR]	asctime:2019-06-24 03:47:10,504	module:models	message:update bitbank order: ('Expecting value: line 1 column 1 (char 0)',)
[ERROR]	asctime:2019-06-24 03:49:24,350	module:models	message:update bitbank order: ('Expecting value: line 1 column 1 (char 0)',)
[ERROR]	asctime:2019-06-24 04:06:16,788	module:models	message:update bitbank order: ('Expecting value: line 1 column 1 (char 0)',)
[ERROR]	asctime:2019-06-24 04:21:05,725	module:models	message:update bitbank order: ('Expecting value: line 1 column 1 (char 0)',)
[ERROR]	asctime:2019-06-24 04:25:10,632	module:models	message:update bitbank order: ('Expecting value: line 1 column 1 (char 0)',)
[ERROR]	asctime:2019-06-24 04:33:44,439	module:models	message:update bitbank order: ('Expecting value: line 1 column 1 (char 0)',)
[ERROR]	asctime:2019-06-24 04:40:05,809	module:models	message:update bitbank order: ('Expecting value: line 1 column 1 (char 0)',)
[ERROR]	asctime:2019-06-24 04:41:09,234	module:models	message:update bitbank order: ('Expecting value: line 1 column 1 (char 0)',)
[ERROR]	asctime:2019-06-24 04:44:08,943	module:models	message:update bitbank order: ('Expecting value: line 1 column 1 (char 0)',)
[ERROR]	asctime:2019-06-24 04:49:44,865	module:models	message:update bitbank order: ('Expecting value: line 1 column 1 (char 0)',)
[ERROR]	asctime:2019-06-24 04:53:31,716	module:models	message:update bitbank order: ('Expecting value: line 1 column 1 (char 0)',)
[ERROR]	asctime:2019-06-24 04:58:45,841	module:models	message:update bitbank order: ('Expecting value: line 1 column 1 (char 0)',)
[ERROR]	asctime:2019-06-24 05:06:23,993	module:models	message:update bitbank order: ('Expecting value: line 1 column 1 (char 0)',)
[ERROR]	asctime:2019-06-24 05:09:59,537	module:models	message:update bitbank order: ('Expecting value: line 1 column 1 (char 0)',)
[ERROR]	asctime:2019-06-24 05:11:05,780	module:models	message:update bitbank order: ('Expecting value: line 1 column 1 (char 0)',)
[ERROR]	asctime:2019-06-24 05:11:10,277	module:models	message:update bitbank order: ('Expecting value: line 1 column 1 (char 0)',)
[ERROR]	asctime:2019-06-24 05:12:17,060	module:models	message:update bitbank order: ('Expecting value: line 1 column 1 (char 0)',)
[ERROR]	asctime:2019-06-24 05:15:26,830	module:models	message:update bitbank order: ('Expecting value: line 1 column 1 (char 0)',)
[ERROR]	asctime:2019-06-24 05:15:59,759	module:models	message:update bitbank order: ('Expecting value: line 1 column 1 (char 0)',)
[ERROR]	asctime:2019-06-24 05:15:59,865	module:models	message:update bitbank order: ('Expecting value: line 1 column 1 (char 0)',)
[ERROR]	asctime:2019-06-24 05:29:15,306	module:models	message:update bitbank order: ('Expecting value: line 1 column 1 (char 0)',)
[ERROR]	asctime:2019-06-24 05:36:05,592	module:models	message:update bitbank order: ('Expecting value: line 1 column 1 (char 0)',)
[ERROR]	asctime:2019-06-24 05:39:26,901	module:models	message:update bitbank order: ('Expecting value: line 1 column 1 (char 0)',)
[ERROR]	asctime:2019-06-24 05:45:15,186	module:models	message:update bitbank order: ('Expecting value: line 1 column 1 (char 0)',)
[ERROR]	asctime:2019-06-24 06:00:09,451	module:models	message:update bitbank order: ('Expecting value: line 1 column 1 (char 0)',)
[ERROR]	asctime:2019-06-24 06:09:37,058	module:models	message:update bitbank order: ('Expecting value: line 1 column 1 (char 0)',)
[ERROR]	asctime:2019-06-24 06:30:59,618	module:models	message:update bitbank order: ('Expecting value: line 1 column 1 (char 0)',)
[ERROR]	asctime:2019-06-24 06:31:27,293	module:models	message:update bitbank order: ('Expecting value: line 1 column 1 (char 0)',)
[ERROR]	asctime:2019-06-24 06:45:25,090	module:models	message:update bitbank order: ('Expecting value: line 1 column 1 (char 0)',)
[ERROR]	asctime:2019-06-24 06:53:18,226	module:models	message:update bitbank order: ('Expecting value: line 1 column 1 (char 0)',)
[ERROR]	asctime:2019-06-24 07:03:08,902	module:models	message:update bitbank order: ('Expecting value: line 1 column 1 (char 0)',)
[ERROR]	asctime:2019-06-24 07:04:06,013	module:models	message:update bitbank order: ('Expecting value: line 1 column 1 (char 0)',)
[ERROR]	asctime:2019-06-24 07:05:07,375	module:models	message:update bitbank order: ('Expecting value: line 1 column 1 (char 0)',)
[ERROR]	asctime:2019-06-24 07:06:56,891	module:models	message:update bitbank order: ('Expecting value: line 1 column 1 (char 0)',)
[ERROR]	asctime:2019-06-24 07:13:59,840	module:models	message:update bitbank order: ('Expecting value: line 1 column 1 (char 0)',)
[ERROR]	asctime:2019-06-24 07:24:42,513	module:models	message:update bitbank order: ('Expecting value: line 1 column 1 (char 0)',)
[ERROR]	asctime:2019-06-24 07:26:24,010	module:models	message:update bitbank order: ('Expecting value: line 1 column 1 (char 0)',)
[ERROR]	asctime:2019-06-24 07:58:07,033	module:models	message:update bitbank order: ('Expecting value: line 1 column 1 (char 0)',)
[ERROR]	asctime:2019-06-24 08:08:19,885	module:models	message:update bitbank order: ('Expecting value: line 1 column 1 (char 0)',)
[ERROR]	asctime:2019-06-24 08:24:14,965	module:models	message:update bitbank order: ('Expecting value: line 1 column 1 (char 0)',)
[ERROR]	asctime:2019-06-24 08:27:03,909	module:models	message:update bitbank order: ('Expecting value: line 1 column 1 (char 0)',)
[ERROR]	asctime:2019-06-24 08:44:59,734	module:models	message:update bitbank order: ('Expecting value: line 1 column 1 (char 0)',)
[ERROR]	asctime:2019-06-24 08:58:08,665	module:models	message:update bitbank order: ('Expecting value: line 1 column 1 (char 0)',)
[ERROR]	asctime:2019-06-24 09:02:17,006	module:models	message:update bitbank order: ('Expecting value: line 1 column 1 (char 0)',)
[INFO]	asctime:2019-06-24 10:01:01,736	module:views	message:('Expecting value: line 1 column 1 (char 0)',)
[ERROR]	asctime:2019-06-24 10:01:08,296	module:models	message:place bitbank order: ('Expecting value: line 1 column 1 (char 0)',)
[ERROR]	asctime:2019-06-24 10:01:11,462	module:models	message:place bitbank order: ('Expecting value: line 1 column 1 (char 0)',)
[INFO]	asctime:2019-06-24 15:34:59,484	module:views	message:('Expecting value: line 1 column 1 (char 0)',)
[ERROR]	asctime:2019-06-24 15:41:29,069	module:models	message:update bitbank order: ('Expecting value: line 1 column 1 (char 0)',)
[ERROR]	asctime:2019-06-24 15:53:32,620	module:models	message:update bitbank order: ('Expecting value: line 1 column 1 (char 0)',)
[ERROR]	asctime:2019-06-24 16:01:10,771	module:models	message:update bitbank order: ('Expecting value: line 1 column 1 (char 0)',)
[ERROR]	asctime:2019-06-24 16:01:42,262	module:models	message:update bitbank order: ('Expecting value: line 1 column 1 (char 0)',)
[ERROR]	asctime:2019-06-24 16:01:47,481	module:models	message:update bitbank order: ('Expecting value: line 1 column 1 (char 0)',)
[ERROR]	asctime:2019-06-24 16:01:47,605	module:models	message:update bitbank order: ('Expecting value: line 1 column 1 (char 0)',)
[ERROR]	asctime:2019-06-24 16:01:52,095	module:models	message:update bitbank order: ('Expecting value: line 1 column 1 (char 0)',)
[ERROR]	asctime:2019-06-24 16:03:30,943	module:models	message:update bitbank order: ('Expecting value: line 1 column 1 (char 0)',)
[ERROR]	asctime:2019-06-24 16:04:20,152	module:models	message:update bitbank order: ('Expecting value: line 1 column 1 (char 0)',)
[ERROR]	asctime:2019-06-24 16:05:28,481	module:models	message:update bitbank order: ('Expecting value: line 1 column 1 (char 0)',)
[ERROR]	asctime:2019-06-24 16:05:28,619	module:models	message:update bitbank order: ('Expecting value: line 1 column 1 (char 0)',)
[ERROR]	asctime:2019-06-24 16:05:57,928	module:models	message:update bitbank order: ('Expecting value: line 1 column 1 (char 0)',)
[ERROR]	asctime:2019-06-24 16:06:19,801	module:models	message:update bitbank order: ('Expecting value: line 1 column 1 (char 0)',)
[ERROR]	asctime:2019-06-24 16:06:27,859	module:models	message:update bitbank order: ('Expecting value: line 1 column 1 (char 0)',)
[ERROR]	asctime:2019-06-24 16:06:58,306	module:models	message:update bitbank order: ('Expecting value: line 1 column 1 (char 0)',)
[ERROR]	asctime:2019-06-24 16:06:58,416	module:models	message:update bitbank order: ('Expecting value: line 1 column 1 (char 0)',)
[ERROR]	asctime:2019-06-24 16:07:05,888	module:models	message:update bitbank order: ('Expecting value: line 1 column 1 (char 0)',)
[ERROR]	asctime:2019-06-24 16:07:43,695	module:models	message:update bitbank order: ('Expecting value: line 1 column 1 (char 0)',)
[ERROR]	asctime:2019-06-24 16:08:19,246	module:models	message:update bitbank order: ('Expecting value: line 1 column 1 (char 0)',)
[ERROR]	asctime:2019-06-24 16:08:19,461	module:models	message:update bitbank order: ('Expecting value: line 1 column 1 (char 0)',)
[ERROR]	asctime:2019-06-24 16:08:20,792	module:models	message:update bitbank order: ('Expecting value: line 1 column 1 (char 0)',)
[ERROR]	asctime:2019-06-24 16:08:27,341	module:models	message:update bitbank order: ('Expecting value: line 1 column 1 (char 0)',)
[ERROR]	asctime:2019-06-24 16:09:37,911	module:models	message:update bitbank order: ('Expecting value: line 1 column 1 (char 0)',)
[ERROR]	asctime:2019-06-24 16:10:29,104	module:models	message:update bitbank order: ('Expecting value: line 1 column 1 (char 0)',)
[ERROR]	asctime:2019-06-24 16:10:30,493	module:models	message:update bitbank order: ('Expecting value: line 1 column 1 (char 0)',)
[ERROR]	asctime:2019-06-24 16:12:49,720	module:models	message:update bitbank order: ('Expecting value: line 1 column 1 (char 0)',)
[ERROR]	asctime:2019-06-24 16:14:28,297	module:models	message:update bitbank order: ('Expecting value: line 1 column 1 (char 0)',)
[ERROR]	asctime:2019-06-24 16:15:18,910	module:models	message:update bitbank order: ('Expecting value: line 1 column 1 (char 0)',)
[ERROR]	asctime:2019-06-24 16:16:17,784	module:models	message:update bitbank order: ('Expecting value: line 1 column 1 (char 0)',)
[ERROR]	asctime:2019-06-24 16:16:36,269	module:models	message:update bitbank order: ('Expecting value: line 1 column 1 (char 0)',)
[ERROR]	asctime:2019-06-24 16:16:49,249	module:models	message:update bitbank order: ('Expecting value: line 1 column 1 (char 0)',)
[ERROR]	asctime:2019-06-24 16:17:08,074	module:models	message:update bitbank order: ('Expecting value: line 1 column 1 (char 0)',)
[ERROR]	asctime:2019-06-24 16:21:27,276	module:models	message:update bitbank order: ('Expecting value: line 1 column 1 (char 0)',)
[ERROR]	asctime:2019-06-24 16:30:17,863	module:models	message:update bitbank order: ('Expecting value: line 1 column 1 (char 0)',)
[ERROR]	asctime:2019-06-24 16:31:37,891	module:models	message:update bitbank order: ('Expecting value: line 1 column 1 (char 0)',)
[ERROR]	asctime:2019-06-24 16:42:24,055	module:models	message:update bitbank order: ('Expecting value: line 1 column 1 (char 0)',)
[ERROR]	asctime:2019-06-24 16:43:08,781	module:models	message:update bitbank order: ('Expecting value: line 1 column 1 (char 0)',)
[ERROR]	asctime:2019-06-24 17:01:04,310	module:models	message:update bitbank order: ('Expecting value: line 1 column 1 (char 0)',)
[ERROR]	asctime:2019-06-24 17:01:17,009	module:models	message:update bitbank order: ('Expecting value: line 1 column 1 (char 0)',)
[ERROR]	asctime:2019-06-24 17:01:38,354	module:models	message:update bitbank order: ('Expecting value: line 1 column 1 (char 0)',)
[ERROR]	asctime:2019-06-24 17:01:48,315	module:models	message:update bitbank order: ('Expecting value: line 1 column 1 (char 0)',)
[ERROR]	asctime:2019-06-24 17:01:59,827	module:models	message:update bitbank order: ('Expecting value: line 1 column 1 (char 0)',)
[ERROR]	asctime:2019-06-24 17:01:59,937	module:models	message:update bitbank order: ('Expecting value: line 1 column 1 (char 0)',)
[ERROR]	asctime:2019-06-24 17:02:47,328	module:models	message:update bitbank order: ('Expecting value: line 1 column 1 (char 0)',)
[ERROR]	asctime:2019-06-24 17:02:47,549	module:models	message:update bitbank order: ('Expecting value: line 1 column 1 (char 0)',)
[ERROR]	asctime:2019-06-24 17:04:00,215	module:models	message:update bitbank order: ('Expecting value: line 1 column 1 (char 0)',)
[ERROR]	asctime:2019-06-24 17:04:04,670	module:models	message:update bitbank order: ('Expecting value: line 1 column 1 (char 0)',)
[ERROR]	asctime:2019-06-24 17:04:30,252	module:models	message:update bitbank order: ('Expecting value: line 1 column 1 (char 0)',)
[ERROR]	asctime:2019-06-24 17:04:41,318	module:models	message:update bitbank order: ('Expecting value: line 1 column 1 (char 0)',)
[ERROR]	asctime:2019-06-24 17:04:41,430	module:models	message:update bitbank order: ('Expecting value: line 1 column 1 (char 0)',)
[ERROR]	asctime:2019-06-24 17:04:48,294	module:models	message:update bitbank order: ('Expecting value: line 1 column 1 (char 0)',)
[ERROR]	asctime:2019-06-24 17:06:04,223	module:models	message:update bitbank order: ('Expecting value: line 1 column 1 (char 0)',)
[ERROR]	asctime:2019-06-24 17:06:09,333	module:models	message:update bitbank order: ('Expecting value: line 1 column 1 (char 0)',)
[ERROR]	asctime:2019-06-24 17:06:19,425	module:models	message:update bitbank order: ('Expecting value: line 1 column 1 (char 0)',)
[ERROR]	asctime:2019-06-24 17:06:36,421	module:models	message:update bitbank order: ('Expecting value: line 1 column 1 (char 0)',)
[ERROR]	asctime:2019-06-24 17:06:52,298	module:models	message:update bitbank order: ('Expecting value: line 1 column 1 (char 0)',)
[ERROR]	asctime:2019-06-24 17:07:04,138	module:models	message:update bitbank order: ('Expecting value: line 1 column 1 (char 0)',)
[ERROR]	asctime:2019-06-24 17:07:04,257	module:models	message:update bitbank order: ('Expecting value: line 1 column 1 (char 0)',)
[ERROR]	asctime:2019-06-24 17:07:10,442	module:models	message:update bitbank order: ('Expecting value: line 1 column 1 (char 0)',)
[ERROR]	asctime:2019-06-24 17:07:20,505	module:models	message:update bitbank order: ('Expecting value: line 1 column 1 (char 0)',)
[ERROR]	asctime:2019-06-24 17:07:20,616	module:models	message:update bitbank order: ('Expecting value: line 1 column 1 (char 0)',)
[ERROR]	asctime:2019-06-24 17:08:06,302	module:models	message:update bitbank order: ('Expecting value: line 1 column 1 (char 0)',)
[ERROR]	asctime:2019-06-24 17:08:08,906	module:models	message:update bitbank order: ('Expecting value: line 1 column 1 (char 0)',)
[ERROR]	asctime:2019-06-24 17:08:16,524	module:models	message:update bitbank order: ('Expecting value: line 1 column 1 (char 0)',)
[ERROR]	asctime:2019-06-24 17:08:19,830	module:models	message:update bitbank order: ('Expecting value: line 1 column 1 (char 0)',)
[ERROR]	asctime:2019-06-24 17:08:24,921	module:models	message:update bitbank order: ('Expecting value: line 1 column 1 (char 0)',)
[ERROR]	asctime:2019-06-24 17:08:43,574	module:models	message:update bitbank order: ('Expecting value: line 1 column 1 (char 0)',)
[ERROR]	asctime:2019-06-24 17:08:46,949	module:models	message:update bitbank order: ('Expecting value: line 1 column 1 (char 0)',)
[ERROR]	asctime:2019-06-24 17:09:09,148	module:models	message:update bitbank order: ('Expecting value: line 1 column 1 (char 0)',)
[ERROR]	asctime:2019-06-24 17:09:43,120	module:models	message:update bitbank order: ('Expecting value: line 1 column 1 (char 0)',)
[ERROR]	asctime:2019-06-24 17:10:04,846	module:models	message:update bitbank order: ('Expecting value: line 1 column 1 (char 0)',)
[ERROR]	asctime:2019-06-24 17:10:06,126	module:models	message:update bitbank order: ('Expecting value: line 1 column 1 (char 0)',)
[ERROR]	asctime:2019-06-24 17:10:38,053	module:models	message:update bitbank order: ('Expecting value: line 1 column 1 (char 0)',)
[ERROR]	asctime:2019-06-24 17:10:55,190	module:models	message:update bitbank order: ('Expecting value: line 1 column 1 (char 0)',)
[ERROR]	asctime:2019-06-24 17:11:17,460	module:models	message:update bitbank order: ('Expecting value: line 1 column 1 (char 0)',)
[ERROR]	asctime:2019-06-24 17:12:15,474	module:models	message:update bitbank order: ('Expecting value: line 1 column 1 (char 0)',)
[ERROR]	asctime:2019-06-24 17:14:07,273	module:models	message:update bitbank order: ('Expecting value: line 1 column 1 (char 0)',)
[ERROR]	asctime:2019-06-24 17:15:17,993	module:models	message:update bitbank order: ('Expecting value: line 1 column 1 (char 0)',)
[ERROR]	asctime:2019-06-24 17:15:30,533	module:models	message:update bitbank order: ('Expecting value: line 1 column 1 (char 0)',)
[ERROR]	asctime:2019-06-24 17:18:23,782	module:models	message:update bitbank order: ('Expecting value: line 1 column 1 (char 0)',)
[ERROR]	asctime:2019-06-24 17:20:36,969	module:models	message:update bitbank order: ('Expecting value: line 1 column 1 (char 0)',)
[ERROR]	asctime:2019-06-24 17:22:54,906	module:models	message:update bitbank order: ('Expecting value: line 1 column 1 (char 0)',)
[ERROR]	asctime:2019-06-24 17:53:05,737	module:models	message:update bitbank order: ('Expecting value: line 1 column 1 (char 0)',)
[ERROR]	asctime:2019-06-24 18:04:35,009	module:models	message:update bitbank order: ('Expecting value: line 1 column 1 (char 0)',)
[ERROR]	asctime:2019-06-24 18:10:18,789	module:models	message:update bitbank order: ('Expecting value: line 1 column 1 (char 0)',)
[ERROR]	asctime:2019-06-24 18:19:53,351	module:models	message:update bitbank order: ('Expecting value: line 1 column 1 (char 0)',)
[ERROR]	asctime:2019-06-24 18:21:14,850	module:models	message:update bitbank order: ('Expecting value: line 1 column 1 (char 0)',)
[ERROR]	asctime:2019-06-24 18:29:09,129	module:models	message:update bitbank order: ('Expecting value: line 1 column 1 (char 0)',)
[ERROR]	asctime:2019-06-24 18:34:05,783	module:models	message:update bitbank order: ('Expecting value: line 1 column 1 (char 0)',)
[ERROR]	asctime:2019-06-24 18:43:05,611	module:models	message:update bitbank order: ('Expecting value: line 1 column 1 (char 0)',)
[ERROR]	asctime:2019-06-24 18:49:34,404	module:models	message:update bitbank order: ('Expecting value: line 1 column 1 (char 0)',)
[ERROR]	asctime:2019-06-24 19:05:28,568	module:models	message:update bitbank order: ('Expecting value: line 1 column 1 (char 0)',)
[ERROR]	asctime:2019-06-24 19:08:43,650	module:models	message:update bitbank order: ('Expecting value: line 1 column 1 (char 0)',)
[ERROR]	asctime:2019-06-24 19:38:37,488	module:models	message:update bitbank order: ('Expecting value: line 1 column 1 (char 0)',)
[ERROR]	asctime:2019-06-24 19:51:27,437	module:models	message:update bitbank order: ('Expecting value: line 1 column 1 (char 0)',)
[ERROR]	asctime:2019-06-24 19:59:05,607	module:models	message:update bitbank order: ('Expecting value: line 1 column 1 (char 0)',)
[ERROR]	asctime:2019-06-24 20:08:28,684	module:models	message:update bitbank order: ('Expecting value: line 1 column 1 (char 0)',)
[ERROR]	asctime:2019-06-24 20:14:28,746	module:models	message:update bitbank order: ('Expecting value: line 1 column 1 (char 0)',)
[ERROR]	asctime:2019-06-24 20:22:47,335	module:models	message:update bitbank order: ('Expecting value: line 1 column 1 (char 0)',)
[ERROR]	asctime:2019-06-24 20:39:09,989	module:models	message:update bitbank order: ('Expecting value: line 1 column 1 (char 0)',)
[ERROR]	asctime:2019-06-24 20:46:07,440	module:models	message:update bitbank order: ('Expecting value: line 1 column 1 (char 0)',)
[ERROR]	asctime:2019-06-24 20:47:16,757	module:models	message:update bitbank order: ('Expecting value: line 1 column 1 (char 0)',)
[ERROR]	asctime:2019-06-24 20:48:26,849	module:models	message:update bitbank order: ('Expecting value: line 1 column 1 (char 0)',)
[ERROR]	asctime:2019-06-24 20:53:56,057	module:models	message:update bitbank order: ('Expecting value: line 1 column 1 (char 0)',)
[ERROR]	asctime:2019-06-24 21:07:18,143	module:models	message:update bitbank order: ('Expecting value: line 1 column 1 (char 0)',)
[ERROR]	asctime:2019-06-24 21:09:17,330	module:models	message:update bitbank order: ('Expecting value: line 1 column 1 (char 0)',)
[ERROR]	asctime:2019-06-24 21:39:24,240	module:models	message:update bitbank order: ('Expecting value: line 1 column 1 (char 0)',)
[ERROR]	asctime:2019-06-24 21:41:05,995	module:models	message:update bitbank order: ('Expecting value: line 1 column 1 (char 0)',)
[ERROR]	asctime:2019-06-24 21:42:08,631	module:models	message:update bitbank order: ('Expecting value: line 1 column 1 (char 0)',)
[ERROR]	asctime:2019-06-24 21:47:16,307	module:models	message:update bitbank order: ('Expecting value: line 1 column 1 (char 0)',)
[ERROR]	asctime:2019-06-24 21:48:36,465	module:models	message:update bitbank order: ('Expecting value: line 1 column 1 (char 0)',)
[ERROR]	asctime:2019-06-24 21:53:26,940	module:models	message:update bitbank order: ('Expecting value: line 1 column 1 (char 0)',)
[ERROR]	asctime:2019-06-24 21:56:58,324	module:models	message:update bitbank order: ('Expecting value: line 1 column 1 (char 0)',)
[ERROR]	asctime:2019-06-24 21:59:24,035	module:models	message:update bitbank order: ('Expecting value: line 1 column 1 (char 0)',)
[ERROR]	asctime:2019-06-24 21:59:28,078	module:models	message:update bitbank order: ('Expecting value: line 1 column 1 (char 0)',)
[INFO]	asctime:2019-06-24 22:00:42,929	module:views	message:('Expecting value: line 1 column 1 (char 0)',)
[ERROR]	asctime:2019-06-24 22:08:24,461	module:models	message:update bitbank order: ('Expecting value: line 1 column 1 (char 0)',)
[ERROR]	asctime:2019-06-24 22:28:09,064	module:models	message:update bitbank order: ('Expecting value: line 1 column 1 (char 0)',)
[ERROR]	asctime:2019-06-24 22:30:52,205	module:models	message:update bitbank order: ('Expecting value: line 1 column 1 (char 0)',)
[ERROR]	asctime:2019-06-24 22:33:36,605	module:models	message:update bitbank order: ('Expecting value: line 1 column 1 (char 0)',)
[ERROR]	asctime:2019-06-24 22:37:36,955	module:models	message:update bitbank order: ('Expecting value: line 1 column 1 (char 0)',)
[ERROR]	asctime:2019-06-24 22:47:19,873	module:models	message:update bitbank order: ('Expecting value: line 1 column 1 (char 0)',)
[ERROR]	asctime:2019-06-24 23:00:07,084	module:models	message:update bitbank order: ('Expecting value: line 1 column 1 (char 0)',)
[ERROR]	asctime:2019-06-24 23:16:26,037	module:models	message:update bitbank order: ('Expecting value: line 1 column 1 (char 0)',)
[ERROR]	asctime:2019-06-24 23:18:18,362	module:models	message:update bitbank order: ('Expecting value: line 1 column 1 (char 0)',)
[ERROR]	asctime:2019-06-24 23:42:04,141	module:models	message:update bitbank order: ('Expecting value: line 1 column 1 (char 0)',)
[ERROR]	asctime:2019-06-24 23:43:05,788	module:models	message:update bitbank order: ('Expecting value: line 1 column 1 (char 0)',)
[ERROR]	asctime:2019-06-24 23:43:24,296	module:models	message:update bitbank order: ('Expecting value: line 1 column 1 (char 0)',)
[ERROR]	asctime:2019-06-25 00:00:06,411	module:models	message:update bitbank order: ('Expecting value: line 1 column 1 (char 0)',)
[ERROR]	asctime:2019-06-25 00:22:16,605	module:models	message:update bitbank order: ('Expecting value: line 1 column 1 (char 0)',)
[ERROR]	asctime:2019-06-25 00:48:43,940	module:models	message:update bitbank order: ('Expecting value: line 1 column 1 (char 0)',)
[ERROR]	asctime:2019-06-25 01:09:44,369	module:models	message:update bitbank order: ('Expecting value: line 1 column 1 (char 0)',)
[ERROR]	asctime:2019-06-25 01:16:53,376	module:models	message:update bitbank order: ('Expecting value: line 1 column 1 (char 0)',)
[ERROR]	asctime:2019-06-25 01:37:16,563	module:models	message:update bitbank order: ('Expecting value: line 1 column 1 (char 0)',)
[ERROR]	asctime:2019-06-25 01:41:08,917	module:models	message:update bitbank order: ('Expecting value: line 1 column 1 (char 0)',)
[ERROR]	asctime:2019-06-25 01:43:16,864	module:models	message:update bitbank order: ('Expecting value: line 1 column 1 (char 0)',)
[ERROR]	asctime:2019-06-25 01:44:45,658	module:models	message:update bitbank order: ('Expecting value: line 1 column 1 (char 0)',)
[ERROR]	asctime:2019-06-25 01:53:07,549	module:models	message:update bitbank order: ('Expecting value: line 1 column 1 (char 0)',)
[ERROR]	asctime:2019-06-25 02:06:26,095	module:models	message:update bitbank order: ('Expecting value: line 1 column 1 (char 0)',)
[ERROR]	asctime:2019-06-25 02:19:08,567	module:models	message:update bitbank order: ('Expecting value: line 1 column 1 (char 0)',)
[ERROR]	asctime:2019-06-25 02:21:04,541	module:models	message:update bitbank order: ('Expecting value: line 1 column 1 (char 0)',)
[ERROR]	asctime:2019-06-25 02:23:33,026	module:models	message:update bitbank order: ('Expecting value: line 1 column 1 (char 0)',)
[ERROR]	asctime:2019-06-25 02:29:16,493	module:models	message:update bitbank order: ('Expecting value: line 1 column 1 (char 0)',)
[ERROR]	asctime:2019-06-25 02:55:29,322	module:models	message:update bitbank order: ('Expecting value: line 1 column 1 (char 0)',)
[ERROR]	asctime:2019-06-25 02:57:14,794	module:models	message:update bitbank order: ('Expecting value: line 1 column 1 (char 0)',)
[ERROR]	asctime:2019-06-25 03:21:53,420	module:models	message:update bitbank order: ('Expecting value: line 1 column 1 (char 0)',)
[ERROR]	asctime:2019-06-25 04:18:03,967	module:models	message:update bitbank order: ('Expecting value: line 1 column 1 (char 0)',)
[ERROR]	asctime:2019-06-25 04:22:25,319	module:models	message:update bitbank order: ('Expecting value: line 1 column 1 (char 0)',)
[ERROR]	asctime:2019-06-25 04:23:15,508	module:models	message:update bitbank order: ('Expecting value: line 1 column 1 (char 0)',)
[ERROR]	asctime:2019-06-25 04:31:06,956	module:models	message:update bitbank order: ('Expecting value: line 1 column 1 (char 0)',)
[ERROR]	asctime:2019-06-25 04:36:08,517	module:models	message:update bitbank order: ('Expecting value: line 1 column 1 (char 0)',)
[ERROR]	asctime:2019-06-25 04:38:05,568	module:models	message:update bitbank order: ('Expecting value: line 1 column 1 (char 0)',)
[ERROR]	asctime:2019-06-25 04:41:17,573	module:models	message:update bitbank order: ('Expecting value: line 1 column 1 (char 0)',)
[ERROR]	asctime:2019-06-25 04:41:21,647	module:models	message:update bitbank order: ('Expecting value: line 1 column 1 (char 0)',)
[ERROR]	asctime:2019-06-25 04:46:33,593	module:models	message:update bitbank order: ('Expecting value: line 1 column 1 (char 0)',)
[ERROR]	asctime:2019-06-25 04:46:35,014	module:models	message:update bitbank order: ('Expecting value: line 1 column 1 (char 0)',)
[ERROR]	asctime:2019-06-25 05:14:36,824	module:models	message:update bitbank order: ('Expecting value: line 1 column 1 (char 0)',)
[ERROR]	asctime:2019-06-25 05:16:43,655	module:models	message:update bitbank order: ('Expecting value: line 1 column 1 (char 0)',)
[ERROR]	asctime:2019-06-25 05:20:06,054	module:models	message:update bitbank order: ('Expecting value: line 1 column 1 (char 0)',)
[ERROR]	asctime:2019-06-25 05:24:43,774	module:models	message:update bitbank order: ('Expecting value: line 1 column 1 (char 0)',)
[ERROR]	asctime:2019-06-25 05:28:05,761	module:models	message:update bitbank order: ('Expecting value: line 1 column 1 (char 0)',)
[ERROR]	asctime:2019-06-25 05:38:42,536	module:models	message:update bitbank order: ('Expecting value: line 1 column 1 (char 0)',)
[ERROR]	asctime:2019-06-25 06:15:18,033	module:models	message:update bitbank order: ('Expecting value: line 1 column 1 (char 0)',)
[ERROR]	asctime:2019-06-25 06:18:27,194	module:models	message:update bitbank order: ('Expecting value: line 1 column 1 (char 0)',)
[ERROR]	asctime:2019-06-25 06:19:05,376	module:models	message:update bitbank order: ('Expecting value: line 1 column 1 (char 0)',)
[ERROR]	asctime:2019-06-25 06:22:14,534	module:models	message:update bitbank order: ('Expecting value: line 1 column 1 (char 0)',)
[ERROR]	asctime:2019-06-25 06:24:10,273	module:models	message:update bitbank order: ('Expecting value: line 1 column 1 (char 0)',)
[ERROR]	asctime:2019-06-25 06:38:35,170	module:models	message:update bitbank order: ('Expecting value: line 1 column 1 (char 0)',)
[ERROR]	asctime:2019-06-25 06:56:27,119	module:models	message:update bitbank order: ('Expecting value: line 1 column 1 (char 0)',)
[ERROR]	asctime:2019-06-25 06:59:05,582	module:models	message:update bitbank order: ('Expecting value: line 1 column 1 (char 0)',)
[ERROR]	asctime:2019-06-25 07:19:36,884	module:models	message:update bitbank order: ('Expecting value: line 1 column 1 (char 0)',)
[ERROR]	asctime:2019-06-25 07:35:37,208	module:models	message:update bitbank order: ('Expecting value: line 1 column 1 (char 0)',)
[ERROR]	asctime:2019-06-25 07:39:26,266	module:models	message:update bitbank order: ('Expecting value: line 1 column 1 (char 0)',)
[ERROR]	asctime:2019-06-25 07:43:56,724	module:models	message:update bitbank order: ('Expecting value: line 1 column 1 (char 0)',)
[ERROR]	asctime:2019-06-25 07:44:05,818	module:models	message:update bitbank order: ('Expecting value: line 1 column 1 (char 0)',)
[ERROR]	asctime:2019-06-25 07:44:26,856	module:models	message:update bitbank order: ('Expecting value: line 1 column 1 (char 0)',)
[ERROR]	asctime:2019-06-25 07:54:09,779	module:models	message:update bitbank order: ('Expecting value: line 1 column 1 (char 0)',)
[ERROR]	asctime:2019-06-25 08:02:53,263	module:models	message:update bitbank order: ('Expecting value: line 1 column 1 (char 0)',)
[ERROR]	asctime:2019-06-25 08:27:15,590	module:models	message:update bitbank order: ('Expecting value: line 1 column 1 (char 0)',)
[ERROR]	asctime:2019-06-25 08:27:27,013	module:models	message:update bitbank order: ('Expecting value: line 1 column 1 (char 0)',)
[ERROR]	asctime:2019-06-25 08:50:17,342	module:models	message:update bitbank order: ('Expecting value: line 1 column 1 (char 0)',)
[ERROR]	asctime:2019-06-25 09:09:13,668	module:models	message:update bitbank order: ('Expecting value: line 1 column 1 (char 0)',)
[ERROR]	asctime:2019-06-25 10:05:45,777	module:models	message:update bitbank order: ('Expecting value: line 1 column 1 (char 0)',)
[ERROR]	asctime:2019-06-25 10:11:08,815	module:models	message:update bitbank order: ('Expecting value: line 1 column 1 (char 0)',)
[ERROR]	asctime:2019-06-25 10:27:07,261	module:models	message:update bitbank order: ('Expecting value: line 1 column 1 (char 0)',)
[ERROR]	asctime:2019-06-25 10:37:16,484	module:models	message:update bitbank order: ('Expecting value: line 1 column 1 (char 0)',)
[ERROR]	asctime:2019-06-25 10:39:37,805	module:models	message:update bitbank order: ('Expecting value: line 1 column 1 (char 0)',)
[ERROR]	asctime:2019-06-25 10:44:58,487	module:models	message:update bitbank order: ('Expecting value: line 1 column 1 (char 0)',)
[ERROR]	asctime:2019-06-25 10:50:16,912	module:models	message:update bitbank order: ('Expecting value: line 1 column 1 (char 0)',)
[ERROR]	asctime:2019-06-25 10:56:13,678	module:models	message:update bitbank order: ('Expecting value: line 1 column 1 (char 0)',)
[ERROR]	asctime:2019-06-25 11:01:08,948	module:models	message:update bitbank order: ('Expecting value: line 1 column 1 (char 0)',)
[ERROR]	asctime:2019-06-25 11:08:07,077	module:models	message:update bitbank order: ('Expecting value: line 1 column 1 (char 0)',)
[ERROR]	asctime:2019-06-25 11:15:06,025	module:models	message:update bitbank order: ('Expecting value: line 1 column 1 (char 0)',)
[ERROR]	asctime:2019-06-25 11:28:05,698	module:models	message:update bitbank order: ('Expecting value: line 1 column 1 (char 0)',)
[ERROR]	asctime:2019-06-25 11:33:16,683	module:models	message:update bitbank order: ('Expecting value: line 1 column 1 (char 0)',)
[ERROR]	asctime:2019-06-25 11:47:44,227	module:models	message:update bitbank order: ('Expecting value: line 1 column 1 (char 0)',)
[ERROR]	asctime:2019-06-25 11:51:05,892	module:models	message:update bitbank order: ('Expecting value: line 1 column 1 (char 0)',)
[ERROR]	asctime:2019-06-25 11:51:35,072	module:models	message:update bitbank order: ('Expecting value: line 1 column 1 (char 0)',)
[ERROR]	asctime:2019-06-25 11:53:43,606	module:models	message:update bitbank order: ('Expecting value: line 1 column 1 (char 0)',)
[ERROR]	asctime:2019-06-25 12:22:16,759	module:models	message:update bitbank order: ('Expecting value: line 1 column 1 (char 0)',)
[ERROR]	asctime:2019-06-25 12:27:08,931	module:models	message:update bitbank order: ('Expecting value: line 1 column 1 (char 0)',)
[ERROR]	asctime:2019-06-25 12:31:26,155	module:models	message:update bitbank order: ('Expecting value: line 1 column 1 (char 0)',)
[ERROR]	asctime:2019-06-25 12:37:07,499	module:models	message:update bitbank order: ('Expecting value: line 1 column 1 (char 0)',)
[ERROR]	asctime:2019-06-25 12:40:54,170	module:models	message:update bitbank order: ('Expecting value: line 1 column 1 (char 0)',)
[ERROR]	asctime:2019-06-25 12:45:26,647	module:models	message:update bitbank order: ('Expecting value: line 1 column 1 (char 0)',)
[ERROR]	asctime:2019-06-25 12:57:24,094	module:models	message:update bitbank order: ('Expecting value: line 1 column 1 (char 0)',)
[ERROR]	asctime:2019-06-25 13:17:18,007	module:models	message:update bitbank order: ('Expecting value: line 1 column 1 (char 0)',)
[ERROR]	asctime:2019-06-25 13:25:24,397	module:models	message:update bitbank order: ('Expecting value: line 1 column 1 (char 0)',)
[ERROR]	asctime:2019-06-25 13:27:03,913	module:models	message:update bitbank order: ('Expecting value: line 1 column 1 (char 0)',)
[ERROR]	asctime:2019-06-25 13:41:38,363	module:models	message:update bitbank order: ('Expecting value: line 1 column 1 (char 0)',)
[ERROR]	asctime:2019-06-25 13:46:44,335	module:models	message:update bitbank order: ('Expecting value: line 1 column 1 (char 0)',)
[ERROR]	asctime:2019-06-25 14:16:08,574	module:models	message:update bitbank order: ('Expecting value: line 1 column 1 (char 0)',)
[ERROR]	asctime:2019-06-25 14:31:55,584	module:models	message:update bitbank order: ('Expecting value: line 1 column 1 (char 0)',)
[ERROR]	asctime:2019-06-25 14:34:38,043	module:models	message:update bitbank order: ('Expecting value: line 1 column 1 (char 0)',)
[ERROR]	asctime:2019-06-25 14:36:10,585	module:models	message:update bitbank order: ('Expecting value: line 1 column 1 (char 0)',)
[ERROR]	asctime:2019-06-25 14:58:18,106	module:models	message:update bitbank order: ('Expecting value: line 1 column 1 (char 0)',)
[ERROR]	asctime:2019-06-25 15:03:40,119	module:models	message:update bitbank order: ('Expecting value: line 1 column 1 (char 0)',)
[ERROR]	asctime:2019-06-25 15:07:04,353	module:models	message:update bitbank order: ('Expecting value: line 1 column 1 (char 0)',)
[ERROR]	asctime:2019-06-25 15:18:36,759	module:models	message:update bitbank order: ('Expecting value: line 1 column 1 (char 0)',)
[ERROR]	asctime:2019-06-25 15:21:36,656	module:models	message:update bitbank order: ('Expecting value: line 1 column 1 (char 0)',)
[ERROR]	asctime:2019-06-25 15:29:27,945	module:models	message:update bitbank order: ('Expecting value: line 1 column 1 (char 0)',)
[ERROR]	asctime:2019-06-25 15:30:17,178	module:models	message:update bitbank order: ('Expecting value: line 1 column 1 (char 0)',)
[ERROR]	asctime:2019-06-25 15:31:09,326	module:models	message:update bitbank order: ('Expecting value: line 1 column 1 (char 0)',)
[ERROR]	asctime:2019-06-25 15:48:08,744	module:models	message:update bitbank order: ('Expecting value: line 1 column 1 (char 0)',)
[ERROR]	asctime:2019-06-25 15:48:47,324	module:models	message:update bitbank order: ('Expecting value: line 1 column 1 (char 0)',)
[ERROR]	asctime:2019-06-25 16:01:53,890	module:models	message:update bitbank order: ('Expecting value: line 1 column 1 (char 0)',)
[ERROR]	asctime:2019-06-25 16:07:18,709	module:models	message:update bitbank order: ('Expecting value: line 1 column 1 (char 0)',)
[ERROR]	asctime:2019-06-25 16:12:07,068	module:models	message:update bitbank order: ('Expecting value: line 1 column 1 (char 0)',)
[ERROR]	asctime:2019-06-25 16:15:18,419	module:models	message:update bitbank order: ('Expecting value: line 1 column 1 (char 0)',)
[ERROR]	asctime:2019-06-25 16:22:16,477	module:models	message:update bitbank order: ('Expecting value: line 1 column 1 (char 0)',)
[ERROR]	asctime:2019-06-25 16:31:07,031	module:models	message:update bitbank order: ('Expecting value: line 1 column 1 (char 0)',)
[ERROR]	asctime:2019-06-25 16:59:18,532	module:models	message:update bitbank order: ('Expecting value: line 1 column 1 (char 0)',)
[ERROR]	asctime:2019-06-25 17:15:08,704	module:models	message:update bitbank order: ('Expecting value: line 1 column 1 (char 0)',)
[ERROR]	asctime:2019-06-25 17:16:37,034	module:models	message:update bitbank order: ('Expecting value: line 1 column 1 (char 0)',)
[ERROR]	asctime:2019-06-25 17:34:44,781	module:models	message:update bitbank order: ('Expecting value: line 1 column 1 (char 0)',)
[ERROR]	asctime:2019-06-25 17:47:07,947	module:models	message:update bitbank order: ('Expecting value: line 1 column 1 (char 0)',)
[ERROR]	asctime:2019-06-25 18:36:05,815	module:models	message:update bitbank order: ('Expecting value: line 1 column 1 (char 0)',)
[ERROR]	asctime:2019-06-25 18:38:54,861	module:models	message:update bitbank order: ('Expecting value: line 1 column 1 (char 0)',)
[ERROR]	asctime:2019-06-25 19:08:36,156	module:models	message:update bitbank order: ('Expecting value: line 1 column 1 (char 0)',)
[ERROR]	asctime:2019-06-25 19:18:05,995	module:models	message:update bitbank order: ('Expecting value: line 1 column 1 (char 0)',)
[ERROR]	asctime:2019-06-25 19:29:07,352	module:models	message:update bitbank order: ('Expecting value: line 1 column 1 (char 0)',)
[ERROR]	asctime:2019-06-25 19:34:04,374	module:models	message:update bitbank order: ('Expecting value: line 1 column 1 (char 0)',)
[ERROR]	asctime:2019-06-25 20:01:07,623	module:models	message:update bitbank order: ('Expecting value: line 1 column 1 (char 0)',)
[ERROR]	asctime:2019-06-25 20:11:06,015	module:models	message:update bitbank order: ('Expecting value: line 1 column 1 (char 0)',)
[INFO]	asctime:2019-06-25 20:49:09,939	module:views	message:('エラーコード: 20001 内容: API認証に失敗しました',)
[INFO]	asctime:2019-06-25 20:49:11,256	module:views	message:('エラーコード: 20001 内容: API認証に失敗しました',)
[INFO]	asctime:2019-06-25 20:49:23,956	module:views	message:('エラーコード: 20001 内容: API認証に失敗しました',)
[INFO]	asctime:2019-06-25 20:49:25,082	module:views	message:('エラーコード: 20001 内容: API認証に失敗しました',)
[INFO]	asctime:2019-06-25 20:49:25,456	module:views	message:('エラーコード: 20001 内容: API認証に失敗しました',)
[INFO]	asctime:2019-06-25 20:49:30,915	module:views	message:('エラーコード: 20001 内容: API認証に失敗しました',)
[INFO]	asctime:2019-06-25 20:49:42,026	module:views	message:('エラーコード: 20001 内容: API認証に失敗しました',)
[INFO]	asctime:2019-06-25 20:49:43,116	module:views	message:('エラーコード: 20001 内容: API認証に失敗しました',)
[INFO]	asctime:2019-06-25 20:49:43,440	module:views	message:('エラーコード: 20001 内容: API認証に失敗しました',)
[INFO]	asctime:2019-06-25 20:49:53,123	module:views	message:('エラーコード: 20001 内容: API認証に失敗しました',)
[INFO]	asctime:2019-06-25 20:49:53,946	module:views	message:('エラーコード: 20001 内容: API認証に失敗しました',)
[INFO]	asctime:2019-06-25 20:49:54,467	module:views	message:('エラーコード: 20001 内容: API認証に失敗しました',)
[INFO]	asctime:2019-06-25 20:50:28,679	module:views	message:('エラーコード: 20001 内容: API認証に失敗しました',)
[INFO]	asctime:2019-06-25 20:50:29,585	module:views	message:('エラーコード: 20001 内容: API認証に失敗しました',)
[INFO]	asctime:2019-06-25 20:50:29,970	module:views	message:('エラーコード: 20001 内容: API認証に失敗しました',)
[INFO]	asctime:2019-06-25 20:50:35,048	module:views	message:('エラーコード: 20001 内容: API認証に失敗しました',)
[INFO]	asctime:2019-06-25 20:50:43,653	module:views	message:('エラーコード: 20001 内容: API認証に失敗しました',)
[INFO]	asctime:2019-06-25 20:51:01,788	module:views	message:('エラーコード: 20001 内容: API認証に失敗しました',)
[INFO]	asctime:2019-06-25 20:51:28,815	module:views	message:('エラーコード: 20001 内容: API認証に失敗しました',)
[INFO]	asctime:2019-06-25 20:54:01,509	module:views	message:('エラーコード: 20001 内容: API認証に失敗しました',)
[INFO]	asctime:2019-06-25 20:54:02,564	module:views	message:('エラーコード: 20001 内容: API認証に失敗しました',)
[INFO]	asctime:2019-06-25 20:54:03,201	module:views	message:('エラーコード: 20001 内容: API認証に失敗しました',)
[INFO]	asctime:2019-06-25 20:54:44,183	module:views	message:('エラーコード: 20001 内容: API認証に失敗しました',)
[INFO]	asctime:2019-06-25 20:54:58,858	module:views	message:('エラーコード: 20001 内容: API認証に失敗しました',)
[INFO]	asctime:2019-06-25 20:54:59,730	module:views	message:('エラーコード: 20001 内容: API認証に失敗しました',)
[INFO]	asctime:2019-06-25 20:55:00,230	module:views	message:('エラーコード: 20001 内容: API認証に失敗しました',)
[INFO]	asctime:2019-06-25 21:32:24,316	module:views	message:('エラーコード: 20001 内容: API認証に失敗しました',)
[INFO]	asctime:2019-06-25 21:32:25,094	module:views	message:('エラーコード: 20001 内容: API認証に失敗しました',)
[INFO]	asctime:2019-06-25 21:32:41,879	module:views	message:('エラーコード: 20001 内容: API認証に失敗しました',)
[INFO]	asctime:2019-06-25 21:32:42,666	module:views	message:('エラーコード: 20001 内容: API認証に失敗しました',)
[INFO]	asctime:2019-06-25 21:32:43,066	module:views	message:('エラーコード: 20001 内容: API認証に失敗しました',)
[INFO]	asctime:2019-06-25 21:33:01,392	module:views	message:('エラーコード: 20001 内容: API認証に失敗しました',)
[INFO]	asctime:2019-06-25 21:33:52,571	module:views	message:('エラーコード: 20001 内容: API認証に失敗しました',)
[INFO]	asctime:2019-06-25 21:33:53,962	module:views	message:('エラーコード: 20001 内容: API認証に失敗しました',)
[INFO]	asctime:2019-06-25 21:37:57,419	module:views	message:('エラーコード: 20001 内容: API認証に失敗しました',)
[INFO]	asctime:2019-06-25 21:37:58,953	module:views	message:('エラーコード: 20001 内容: API認証に失敗しました',)
[INFO]	asctime:2019-06-25 21:41:03,569	module:views	message:('エラーコード: 20001 内容: API認証に失敗しました',)
[INFO]	asctime:2019-06-25 21:50:33,840	module:views	message:('エラーコード: 20001 内容: API認証に失敗しました',)
[INFO]	asctime:2019-06-25 21:50:34,236	module:views	message:('エラーコード: 20001 内容: API認証に失敗しました',)
[INFO]	asctime:2019-06-25 21:50:37,890	module:views	message:('エラーコード: 20001 内容: API認証に失敗しました',)
[INFO]	asctime:2019-06-25 21:51:29,467	module:views	message:('エラーコード: 20001 内容: API認証に失敗しました',)
[INFO]	asctime:2019-06-25 21:51:32,949	module:views	message:('エラーコード: 20001 内容: API認証に失敗しました',)
[INFO]	asctime:2019-06-25 22:29:11,915	module:views	message:('エラーコード: 20001 内容: API認証に失敗しました',)
[INFO]	asctime:2019-06-25 22:31:50,877	module:views	message:(MaxRetryError("HTTPSConnectionPool(host='api.bitbank.cc', port=443): Max retries exceeded with url: /v1/user/assets (Caused by NewConnectionError('<urllib3.connection.VerifiedHTTPSConnection object at 0x10f4d4a58>: Failed to establish a new connection: [Errno 8] nodename nor servname provided, or not known',))",),)
[INFO]	asctime:2019-06-25 22:31:50,938	module:views	message:(8, 'nodename nor servname provided, or not known')
[INFO]	asctime:2019-06-25 22:32:18,384	module:views	message:(8, 'nodename nor servname provided, or not known')
[INFO]	asctime:2019-06-25 22:32:18,413	module:views	message:(MaxRetryError("HTTPSConnectionPool(host='api.bitbank.cc', port=443): Max retries exceeded with url: /v1/user/assets (Caused by NewConnectionError('<urllib3.connection.VerifiedHTTPSConnection object at 0x10f472278>: Failed to establish a new connection: [Errno 8] nodename nor servname provided, or not known',))",),)
[INFO]	asctime:2019-06-25 22:34:20,486	module:views	message:(8, 'nodename nor servname provided, or not known')
[INFO]	asctime:2019-06-25 22:34:20,615	module:views	message:(MaxRetryError("HTTPSConnectionPool(host='api.bitbank.cc', port=443): Max retries exceeded with url: /v1/user/assets (Caused by NewConnectionError('<urllib3.connection.VerifiedHTTPSConnection object at 0x10f4ec358>: Failed to establish a new connection: [Errno 8] nodename nor servname provided, or not known',))",),)
[INFO]	asctime:2019-06-25 22:39:51,006	module:views	message:('エラーコード: 20001 内容: API認証に失敗しました',)
[INFO]	asctime:2019-06-25 22:40:53,133	module:views	message:('エラーコード: 20001 内容: API認証に失敗しました',)
[INFO]	asctime:2019-06-25 22:41:54,344	module:views	message:('エラーコード: 20001 内容: API認証に失敗しました',)
[INFO]	asctime:2019-06-25 22:41:55,171	module:views	message:('エラーコード: 20001 内容: API認証に失敗しました',)
[INFO]	asctime:2019-06-25 22:42:13,344	module:views	message:('エラーコード: 20001 内容: API認証に失敗しました',)
[INFO]	asctime:2019-06-25 22:42:14,136	module:views	message:('エラーコード: 20001 内容: API認証に失敗しました',)
[INFO]	asctime:2019-06-26 10:57:02,475	module:views	message:(MaxRetryError("HTTPSConnectionPool(host='api.bitbank.cc', port=443): Max retries exceeded with url: /v1/user/assets (Caused by ProxyError('Cannot connect to proxy.', NewConnectionError('<urllib3.connection.VerifiedHTTPSConnection object at 0x00000200AE744748>: Failed to establish a new connection: [Errno 11001] getaddrinfo failed')))"),)
[INFO]	asctime:2019-06-26 10:57:07,853	module:views	message:(MaxRetryError("HTTPSConnectionPool(host='api.bitbank.cc', port=443): Max retries exceeded with url: /v1/user/assets (Caused by ProxyError('Cannot connect to proxy.', NewConnectionError('<urllib3.connection.VerifiedHTTPSConnection object at 0x00000200AE7F2D30>: Failed to establish a new connection: [Errno 11001] getaddrinfo failed')))"),)
[INFO]	asctime:2019-06-26 10:57:08,945	module:views	message:(MaxRetryError("HTTPSConnectionPool(host='api.bitbank.cc', port=443): Max retries exceeded with url: /v1/user/assets (Caused by ProxyError('Cannot connect to proxy.', NewConnectionError('<urllib3.connection.VerifiedHTTPSConnection object at 0x00000200AE744CC0>: Failed to establish a new connection: [Errno 11001] getaddrinfo failed')))"),)
[INFO]	asctime:2019-06-26 10:58:26,184	module:views	message:('G[R[h: 20001 e: APIF؂Ɏs܂',)
[INFO]	asctime:2019-06-26 10:58:27,357	module:views	message:('G[R[h: 20001 e: APIF؂Ɏs܂',)
[INFO]	asctime:2019-06-26 10:58:28,582	module:views	message:('G[R[h: 20001 e: APIF؂Ɏs܂',)
[INFO]	asctime:2019-06-26 10:58:29,934	module:views	message:('G[R[h: 20001 e: APIF؂Ɏs܂',)
[INFO]	asctime:2019-06-26 10:59:05,087	module:views	message:('G[R[h: 20001 e: APIF؂Ɏs܂',)
[INFO]	asctime:2019-06-26 10:59:16,061	module:views	message:('G[R[h: 20001 e: APIF؂Ɏs܂',)
[INFO]	asctime:2019-06-26 10:59:16,945	module:views	message:('G[R[h: 20001 e: APIF؂Ɏs܂',)
[INFO]	asctime:2019-06-26 10:59:18,068	module:views	message:('G[R[h: 20001 e: APIF؂Ɏs܂',)
[INFO]	asctime:2019-06-26 11:03:55,251	module:views	message:('G[R[h: 20001 e: APIF؂Ɏs܂',)
[INFO]	asctime:2019-06-26 11:04:04,997	module:views	message:('G[R[h: 20001 e: APIF؂Ɏs܂',)
[INFO]	asctime:2019-06-26 11:04:07,849	module:views	message:('G[R[h: 20001 e: APIF؂Ɏs܂',)
[INFO]	asctime:2019-06-26 11:04:08,613	module:views	message:('G[R[h: 20001 e: APIF؂Ɏs܂',)
[INFO]	asctime:2019-06-26 11:04:09,554	module:views	message:('G[R[h: 20001 e: APIF؂Ɏs܂',)
[INFO]	asctime:2019-06-26 11:04:22,828	module:views	message:('G[R[h: 20001 e: APIF؂Ɏs܂',)
[INFO]	asctime:2019-06-26 11:04:24,018	module:views	message:('G[R[h: 20001 e: APIF؂Ɏs܂',)
[INFO]	asctime:2019-06-26 11:04:25,010	module:views	message:('G[R[h: 20001 e: APIF؂Ɏs܂',)
[INFO]	asctime:2019-06-26 11:04:26,068	module:views	message:('G[R[h: 20001 e: APIF؂Ɏs܂',)
[INFO]	asctime:2019-06-26 11:04:28,516	module:views	message:('G[R[h: 20001 e: APIF؂Ɏs܂',)
[INFO]	asctime:2019-06-26 11:04:43,074	module:views	message:('G[R[h: 20001 e: APIF؂Ɏs܂',)
[INFO]	asctime:2019-06-26 11:05:19,249	module:views	message:('G[R[h: 20001 e: APIF؂Ɏs܂',)
[INFO]	asctime:2019-06-26 11:05:20,165	module:views	message:('G[R[h: 20001 e: APIF؂Ɏs܂',)
[INFO]	asctime:2019-06-26 11:05:21,052	module:views	message:('G[R[h: 20001 e: APIF؂Ɏs܂',)
[INFO]	asctime:2019-06-26 11:07:11,010	module:views	message:('G[R[h: 20001 e: APIF؂Ɏs܂',)
[INFO]	asctime:2019-06-26 20:48:12,882	module:views	message:('エラーコード: 20001 内容: API認証に失敗しました',)
[INFO]	asctime:2019-06-26 20:48:13,646	module:views	message:('エラーコード: 20001 内容: API認証に失敗しました',)
[INFO]	asctime:2019-06-26 20:48:14,807	module:views	message:('エラーコード: 20001 内容: API認証に失敗しました',)
[INFO]	asctime:2019-06-26 20:49:47,750	module:views	message:('エラーコード: 20001 内容: API認証に失敗しました',)
[INFO]	asctime:2019-06-26 20:49:48,566	module:views	message:('エラーコード: 20001 内容: API認証に失敗しました',)
[INFO]	asctime:2019-06-26 20:49:49,774	module:views	message:('エラーコード: 20001 内容: API認証に失敗しました',)
[INFO]	asctime:2019-06-26 20:51:38,821	module:views	message:('エラーコード: 20001 内容: API認証に失敗しました',)
[INFO]	asctime:2019-06-26 20:51:39,620	module:views	message:('エラーコード: 20001 内容: API認証に失敗しました',)
[INFO]	asctime:2019-06-26 20:51:40,838	module:views	message:('エラーコード: 20001 内容: API認証に失敗しました',)
[INFO]	asctime:2019-06-26 20:55:47,454	module:views	message:('エラーコード: 20001 内容: API認証に失敗しました',)
[INFO]	asctime:2019-06-26 20:55:48,501	module:views	message:('エラーコード: 20001 内容: API認証に失敗しました',)
[INFO]	asctime:2019-06-26 20:55:49,542	module:views	message:('エラーコード: 20001 内容: API認証に失敗しました',)
[INFO]	asctime:2019-06-26 20:56:57,143	module:views	message:('エラーコード: 20001 内容: API認証に失敗しました',)
[INFO]	asctime:2019-06-26 20:57:57,584	module:views	message:('エラーコード: 20001 内容: API認証に失敗しました',)
[INFO]	asctime:2019-06-26 20:57:59,681	module:views	message:('エラーコード: 20001 内容: API認証に失敗しました',)
[INFO]	asctime:2019-06-26 20:58:00,399	module:views	message:('エラーコード: 20001 内容: API認証に失敗しました',)
[INFO]	asctime:2019-06-26 20:58:01,405	module:views	message:('エラーコード: 20001 内容: API認証に失敗しました',)
[INFO]	asctime:2019-06-26 20:59:09,916	module:views	message:('エラーコード: 20001 内容: API認証に失敗しました',)
[INFO]	asctime:2019-06-26 20:59:10,806	module:views	message:('エラーコード: 20001 内容: API認証に失敗しました',)
[INFO]	asctime:2019-06-26 20:59:11,763	module:views	message:('エラーコード: 20001 内容: API認証に失敗しました',)
[INFO]	asctime:2019-06-26 21:00:32,184	module:views	message:('エラーコード: 20001 内容: API認証に失敗しました',)
[INFO]	asctime:2019-06-26 21:00:33,285	module:views	message:('エラーコード: 20001 内容: API認証に失敗しました',)
[INFO]	asctime:2019-06-26 21:00:34,118	module:views	message:('エラーコード: 20001 内容: API認証に失敗しました',)
[INFO]	asctime:2019-06-26 21:01:31,582	module:views	message:('エラーコード: 20001 内容: API認証に失敗しました',)
[INFO]	asctime:2019-06-26 21:01:32,582	module:views	message:('エラーコード: 20001 内容: API認証に失敗しました',)
[INFO]	asctime:2019-06-26 21:01:33,424	module:views	message:('エラーコード: 20001 内容: API認証に失敗しました',)
[INFO]	asctime:2019-06-26 21:01:37,925	module:views	message:('エラーコード: 20001 内容: API認証に失敗しました',)
[INFO]	asctime:2019-06-26 21:01:43,591	module:views	message:('エラーコード: 20001 内容: API認証に失敗しました',)
[ERROR]	asctime:2019-06-26 22:02:18,009	module:models	message:cancel bitbank order: ('エラーコード: 50010 内容: ご指定の注文はキャンセルできません',)
[ERROR]	asctime:2019-06-26 22:02:22,473	module:models	message:cancel bitbank order: ('エラーコード: 50010 内容: ご指定の注文はキャンセルできません',)
[ERROR]	asctime:2019-06-26 22:02:25,175	module:models	message:cancel bitbank order: ('エラーコード: 50010 内容: ご指定の注文はキャンセルできません',)
[INFO]	asctime:2019-06-29 11:23:13,612	module:views	message:('エラーコード: 20001 内容: API認証に失敗しました',)
[INFO]	asctime:2019-06-29 11:23:44,307	module:views	message:('エラーコード: 20001 内容: API認証に失敗しました',)
[INFO]	asctime:2019-06-29 11:23:55,378	module:views	message:('エラーコード: 20001 内容: API認証に失敗しました',)
[INFO]	asctime:2019-06-29 11:24:06,416	module:views	message:('エラーコード: 20001 内容: API認証に失敗しました',)
[INFO]	asctime:2019-06-29 11:25:12,646	module:views	message:('エラーコード: 20001 内容: API認証に失敗しました',)
[INFO]	asctime:2019-06-29 11:27:13,401	module:views	message:('エラーコード: 20001 内容: API認証に失敗しました',)
[INFO]	asctime:2019-06-29 13:42:16,546	module:views	message:(8, 'nodename nor servname provided, or not known')
[INFO]	asctime:2019-06-29 13:45:03,423	module:views	message:(8, 'nodename nor servname provided, or not known')
[ERROR]	asctime:2019-06-29 14:50:26,686	module:models	message:place bitbank order: ('エラーコード: 60004 内容: 指定した数量がしきい値を下回っています',)
[INFO]	asctime:2019-06-29 15:09:22,389	module:views	message:(MaxRetryError("HTTPSConnectionPool(host='api.bitbank.cc', port=443): Max retries exceeded with url: /v1/user/assets (Caused by NewConnectionError('<urllib3.connection.VerifiedHTTPSConnection object at 0x10ea6ecc0>: Failed to establish a new connection: [Errno 8] nodename nor servname provided, or not known',))",),)
[INFO]	asctime:2019-06-29 15:09:22,460	module:views	message:(8, 'nodename nor servname provided, or not known')
[INFO]	asctime:2019-06-29 15:44:47,262	module:views	message:(8, 'nodename nor servname provided, or not known')
[INFO]	asctime:2019-06-29 23:16:52,379	module:views	message:(8, 'nodename nor servname provided, or not known')
[ERROR]	asctime:2019-06-29 23:24:42,388	module:models	message:place bitbank order: ('エラーコード: 60004 内容: 指定した数量がしきい値を下回っています',)
[ERROR]	asctime:2019-06-29 23:24:49,463	module:models	message:place bitbank order: ('エラーコード: 60004 内容: 指定した数量がしきい値を下回っています',)
[INFO]	asctime:2019-06-30 18:01:26,335	module:views	message:(MaxRetryError("HTTPSConnectionPool(host='api.bitbank.cc', port=443): Max retries exceeded with url: /v1/user/assets (Caused by NewConnectionError('<urllib3.connection.VerifiedHTTPSConnection object at 0x10ff27320>: Failed to establish a new connection: [Errno 8] nodename nor servname provided, or not known',))",),)
[INFO]	asctime:2019-06-30 18:01:26,419	module:views	message:(8, 'nodename nor servname provided, or not known')
[INFO]	asctime:2019-06-30 19:44:10,856	module:views	message:(8, 'nodename nor servname provided, or not known')
[INFO]	asctime:2019-06-30 19:44:10,922	module:views	message:(MaxRetryError("HTTPSConnectionPool(host='api.bitbank.cc', port=443): Max retries exceeded with url: /v1/user/assets (Caused by NewConnectionError('<urllib3.connection.VerifiedHTTPSConnection object at 0x10ecf5c50>: Failed to establish a new connection: [Errno 8] nodename nor servname provided, or not known',))",),)
[INFO]	asctime:2019-06-30 19:44:22,051	module:views	message:(MaxRetryError("HTTPSConnectionPool(host='api.bitbank.cc', port=443): Max retries exceeded with url: /v1/user/assets (Caused by NewConnectionError('<urllib3.connection.VerifiedHTTPSConnection object at 0x10edccdd8>: Failed to establish a new connection: [Errno 8] nodename nor servname provided, or not known',))",),)
[INFO]	asctime:2019-06-30 19:44:22,073	module:views	message:(8, 'nodename nor servname provided, or not known')
[INFO]	asctime:2019-06-30 19:44:33,034	module:views	message:(8, 'nodename nor servname provided, or not known')
[INFO]	asctime:2019-06-30 19:44:33,050	module:views	message:(MaxRetryError("HTTPSConnectionPool(host='api.bitbank.cc', port=443): Max retries exceeded with url: /v1/user/assets (Caused by NewConnectionError('<urllib3.connection.VerifiedHTTPSConnection object at 0x10ec35a58>: Failed to establish a new connection: [Errno 8] nodename nor servname provided, or not known',))",),)
[INFO]	asctime:2019-06-30 19:44:35,958	module:views	message:(MaxRetryError("HTTPSConnectionPool(host='api.bitbank.cc', port=443): Max retries exceeded with url: /v1/user/assets (Caused by NewConnectionError('<urllib3.connection.VerifiedHTTPSConnection object at 0x10edab0f0>: Failed to establish a new connection: [Errno 8] nodename nor servname provided, or not known',))",),)
[INFO]	asctime:2019-06-30 19:44:35,972	module:views	message:(8, 'nodename nor servname provided, or not known')
[INFO]	asctime:2019-06-30 19:44:39,611	module:views	message:(8, 'nodename nor servname provided, or not known')
[INFO]	asctime:2019-06-30 19:44:39,614	module:views	message:(MaxRetryError("HTTPSConnectionPool(host='api.bitbank.cc', port=443): Max retries exceeded with url: /v1/user/assets (Caused by NewConnectionError('<urllib3.connection.VerifiedHTTPSConnection object at 0x10edcc390>: Failed to establish a new connection: [Errno 8] nodename nor servname provided, or not known',))",),)
[INFO]	asctime:2019-06-30 19:44:50,917	module:views	message:(8, 'nodename nor servname provided, or not known')
[INFO]	asctime:2019-06-30 19:44:50,917	module:views	message:(MaxRetryError("HTTPSConnectionPool(host='api.bitbank.cc', port=443): Max retries exceeded with url: /v1/user/assets (Caused by NewConnectionError('<urllib3.connection.VerifiedHTTPSConnection object at 0x10ed05860>: Failed to establish a new connection: [Errno 8] nodename nor servname provided, or not known',))",),)
[INFO]	asctime:2019-06-30 19:45:02,402	module:views	message:(MaxRetryError("HTTPSConnectionPool(host='api.bitbank.cc', port=443): Max retries exceeded with url: /v1/user/assets (Caused by NewConnectionError('<urllib3.connection.VerifiedHTTPSConnection object at 0x10f661ba8>: Failed to establish a new connection: [Errno 8] nodename nor servname provided, or not known',))",),)
[INFO]	asctime:2019-06-30 19:45:02,418	module:views	message:(8, 'nodename nor servname provided, or not known')
[INFO]	asctime:2019-06-30 19:45:13,405	module:views	message:(8, 'nodename nor servname provided, or not known')
[INFO]	asctime:2019-06-30 19:45:13,406	module:views	message:(MaxRetryError("HTTPSConnectionPool(host='api.bitbank.cc', port=443): Max retries exceeded with url: /v1/user/assets (Caused by NewConnectionError('<urllib3.connection.VerifiedHTTPSConnection object at 0x10edb8240>: Failed to establish a new connection: [Errno 8] nodename nor servname provided, or not known',))",),)
[INFO]	asctime:2019-06-30 19:45:15,310	module:views	message:(8, 'nodename nor servname provided, or not known')
[INFO]	asctime:2019-06-30 19:45:15,335	module:views	message:(MaxRetryError("HTTPSConnectionPool(host='api.bitbank.cc', port=443): Max retries exceeded with url: /v1/user/assets (Caused by NewConnectionError('<urllib3.connection.VerifiedHTTPSConnection object at 0x10f69e978>: Failed to establish a new connection: [Errno 8] nodename nor servname provided, or not known',))",),)
[INFO]	asctime:2019-06-30 19:45:26,378	module:views	message:(MaxRetryError("HTTPSConnectionPool(host='api.bitbank.cc', port=443): Max retries exceeded with url: /v1/user/assets (Caused by NewConnectionError('<urllib3.connection.VerifiedHTTPSConnection object at 0x10f95fdd8>: Failed to establish a new connection: [Errno 8] nodename nor servname provided, or not known',))",),)
[INFO]	asctime:2019-06-30 19:45:26,379	module:views	message:(8, 'nodename nor servname provided, or not known')
[INFO]	asctime:2019-06-30 19:45:37,359	module:views	message:(MaxRetryError("HTTPSConnectionPool(host='api.bitbank.cc', port=443): Max retries exceeded with url: /v1/user/assets (Caused by NewConnectionError('<urllib3.connection.VerifiedHTTPSConnection object at 0x10f9c9a58>: Failed to establish a new connection: [Errno 8] nodename nor servname provided, or not known',))",),)
[INFO]	asctime:2019-06-30 19:45:37,388	module:views	message:(8, 'nodename nor servname provided, or not known')
[INFO]	asctime:2019-06-30 19:45:48,341	module:views	message:(MaxRetryError("HTTPSConnectionPool(host='api.bitbank.cc', port=443): Max retries exceeded with url: /v1/user/assets (Caused by NewConnectionError('<urllib3.connection.VerifiedHTTPSConnection object at 0x10f60f2e8>: Failed to establish a new connection: [Errno 8] nodename nor servname provided, or not known',))",),)
[INFO]	asctime:2019-06-30 19:45:48,379	module:views	message:(8, 'nodename nor servname provided, or not known')
[INFO]	asctime:2019-06-30 19:45:59,345	module:views	message:(MaxRetryError("HTTPSConnectionPool(host='api.bitbank.cc', port=443): Max retries exceeded with url: /v1/user/assets (Caused by NewConnectionError('<urllib3.connection.VerifiedHTTPSConnection object at 0x10f61f4a8>: Failed to establish a new connection: [Errno 8] nodename nor servname provided, or not known',))",),)
[INFO]	asctime:2019-06-30 19:45:59,356	module:views	message:(8, 'nodename nor servname provided, or not known')
[INFO]	asctime:2019-06-30 19:46:10,350	module:views	message:(MaxRetryError("HTTPSConnectionPool(host='api.bitbank.cc', port=443): Max retries exceeded with url: /v1/user/assets (Caused by NewConnectionError('<urllib3.connection.VerifiedHTTPSConnection object at 0x10faabda0>: Failed to establish a new connection: [Errno 8] nodename nor servname provided, or not known',))",),)
[INFO]	asctime:2019-06-30 19:46:10,403	module:views	message:(8, 'nodename nor servname provided, or not known')
[INFO]	asctime:2019-06-30 19:46:21,347	module:views	message:(8, 'nodename nor servname provided, or not known')
[INFO]	asctime:2019-06-30 19:46:21,354	module:views	message:(MaxRetryError("HTTPSConnectionPool(host='api.bitbank.cc', port=443): Max retries exceeded with url: /v1/user/assets (Caused by NewConnectionError('<urllib3.connection.VerifiedHTTPSConnection object at 0x10fd12128>: Failed to establish a new connection: [Errno 8] nodename nor servname provided, or not known',))",),)
[INFO]	asctime:2019-06-30 19:46:32,354	module:views	message:(MaxRetryError("HTTPSConnectionPool(host='api.bitbank.cc', port=443): Max retries exceeded with url: /v1/user/assets (Caused by NewConnectionError('<urllib3.connection.VerifiedHTTPSConnection object at 0x10ed860f0>: Failed to establish a new connection: [Errno 8] nodename nor servname provided, or not known',))",),)
[INFO]	asctime:2019-06-30 19:46:32,355	module:views	message:(8, 'nodename nor servname provided, or not known')
[INFO]	asctime:2019-06-30 19:46:43,341	module:views	message:(MaxRetryError("HTTPSConnectionPool(host='api.bitbank.cc', port=443): Max retries exceeded with url: /v1/user/assets (Caused by NewConnectionError('<urllib3.connection.VerifiedHTTPSConnection object at 0x10f967160>: Failed to establish a new connection: [Errno 8] nodename nor servname provided, or not known',))",),)
[INFO]	asctime:2019-06-30 19:46:43,370	module:views	message:(8, 'nodename nor servname provided, or not known')
[INFO]	asctime:2019-06-30 19:46:54,345	module:views	message:(MaxRetryError("HTTPSConnectionPool(host='api.bitbank.cc', port=443): Max retries exceeded with url: /v1/user/assets (Caused by NewConnectionError('<urllib3.connection.VerifiedHTTPSConnection object at 0x10f9fbf60>: Failed to establish a new connection: [Errno 8] nodename nor servname provided, or not known',))",),)
[INFO]	asctime:2019-06-30 19:46:54,361	module:views	message:(8, 'nodename nor servname provided, or not known')
[INFO]	asctime:2019-06-30 19:47:05,383	module:views	message:(MaxRetryError("HTTPSConnectionPool(host='api.bitbank.cc', port=443): Max retries exceeded with url: /v1/user/assets (Caused by NewConnectionError('<urllib3.connection.VerifiedHTTPSConnection object at 0x10fa63c18>: Failed to establish a new connection: [Errno 8] nodename nor servname provided, or not known',))",),)
[INFO]	asctime:2019-06-30 19:47:05,407	module:views	message:(8, 'nodename nor servname provided, or not known')
[INFO]	asctime:2019-06-30 19:47:16,349	module:views	message:(MaxRetryError("HTTPSConnectionPool(host='api.bitbank.cc', port=443): Max retries exceeded with url: /v1/user/assets (Caused by NewConnectionError('<urllib3.connection.VerifiedHTTPSConnection object at 0x10fd198d0>: Failed to establish a new connection: [Errno 8] nodename nor servname provided, or not known',))",),)
[INFO]	asctime:2019-06-30 19:47:16,382	module:views	message:(8, 'nodename nor servname provided, or not known')
[INFO]	asctime:2019-06-30 19:47:27,353	module:views	message:(8, 'nodename nor servname provided, or not known')
[INFO]	asctime:2019-06-30 19:47:27,356	module:views	message:(MaxRetryError("HTTPSConnectionPool(host='api.bitbank.cc', port=443): Max retries exceeded with url: /v1/user/assets (Caused by NewConnectionError('<urllib3.connection.VerifiedHTTPSConnection object at 0x10f95cb70>: Failed to establish a new connection: [Errno 8] nodename nor servname provided, or not known',))",),)
[INFO]	asctime:2019-06-30 19:47:38,357	module:views	message:(MaxRetryError("HTTPSConnectionPool(host='api.bitbank.cc', port=443): Max retries exceeded with url: /v1/user/assets (Caused by NewConnectionError('<urllib3.connection.VerifiedHTTPSConnection object at 0x10fa58748>: Failed to establish a new connection: [Errno 8] nodename nor servname provided, or not known',))",),)
[INFO]	asctime:2019-06-30 19:47:38,376	module:views	message:(8, 'nodename nor servname provided, or not known')
[INFO]	asctime:2019-06-30 19:47:46,077	module:views	message:(MaxRetryError("HTTPSConnectionPool(host='api.bitbank.cc', port=443): Max retries exceeded with url: /v1/user/assets (Caused by NewConnectionError('<urllib3.connection.VerifiedHTTPSConnection object at 0x10fa536a0>: Failed to establish a new connection: [Errno 8] nodename nor servname provided, or not known',))",),)
[INFO]	asctime:2019-06-30 19:47:46,130	module:views	message:(8, 'nodename nor servname provided, or not known')
[INFO]	asctime:2019-06-30 19:47:57,097	module:views	message:(MaxRetryError("HTTPSConnectionPool(host='api.bitbank.cc', port=443): Max retries exceeded with url: /v1/user/assets (Caused by NewConnectionError('<urllib3.connection.VerifiedHTTPSConnection object at 0x10f953a20>: Failed to establish a new connection: [Errno 8] nodename nor servname provided, or not known',))",),)
[INFO]	asctime:2019-06-30 19:47:57,107	module:views	message:(8, 'nodename nor servname provided, or not known')
[INFO]	asctime:2019-06-30 19:48:08,133	module:views	message:(MaxRetryError("HTTPSConnectionPool(host='api.bitbank.cc', port=443): Max retries exceeded with url: /v1/user/assets (Caused by NewConnectionError('<urllib3.connection.VerifiedHTTPSConnection object at 0x10f69efd0>: Failed to establish a new connection: [Errno 8] nodename nor servname provided, or not known',))",),)
[INFO]	asctime:2019-06-30 19:48:08,171	module:views	message:(8, 'nodename nor servname provided, or not known')
[INFO]	asctime:2019-06-30 19:48:19,906	module:views	message:(MaxRetryError("HTTPSConnectionPool(host='api.bitbank.cc', port=443): Max retries exceeded with url: /v1/user/assets (Caused by NewConnectionError('<urllib3.connection.VerifiedHTTPSConnection object at 0x10ed7ccc0>: Failed to establish a new connection: [Errno 8] nodename nor servname provided, or not known',))",),)
[INFO]	asctime:2019-06-30 19:48:19,931	module:views	message:(8, 'nodename nor servname provided, or not known')
[INFO]	asctime:2019-06-30 19:48:30,925	module:views	message:(MaxRetryError("HTTPSConnectionPool(host='api.bitbank.cc', port=443): Max retries exceeded with url: /v1/user/assets (Caused by NewConnectionError('<urllib3.connection.VerifiedHTTPSConnection object at 0x10edb5278>: Failed to establish a new connection: [Errno 8] nodename nor servname provided, or not known',))",),)
[INFO]	asctime:2019-06-30 19:48:30,930	module:views	message:(8, 'nodename nor servname provided, or not known')
[INFO]	asctime:2019-06-30 19:48:42,137	module:views	message:(MaxRetryError("HTTPSConnectionPool(host='api.bitbank.cc', port=443): Max retries exceeded with url: /v1/user/assets (Caused by NewConnectionError('<urllib3.connection.VerifiedHTTPSConnection object at 0x10fa7cac8>: Failed to establish a new connection: [Errno 8] nodename nor servname provided, or not known',))",),)
[INFO]	asctime:2019-06-30 19:48:42,158	module:views	message:(8, 'nodename nor servname provided, or not known')
[INFO]	asctime:2019-06-30 19:48:53,022	module:views	message:(MaxRetryError("HTTPSConnectionPool(host='api.bitbank.cc', port=443): Max retries exceeded with url: /v1/user/assets (Caused by NewConnectionError('<urllib3.connection.VerifiedHTTPSConnection object at 0x10f6b2da0>: Failed to establish a new connection: [Errno 8] nodename nor servname provided, or not known',))",),)
[INFO]	asctime:2019-06-30 19:48:53,055	module:views	message:(8, 'nodename nor servname provided, or not known')
[INFO]	asctime:2019-06-30 19:49:03,050	module:views	message:(MaxRetryError("HTTPSConnectionPool(host='api.bitbank.cc', port=443): Max retries exceeded with url: /v1/user/assets (Caused by NewConnectionError('<urllib3.connection.VerifiedHTTPSConnection object at 0x10ed79f98>: Failed to establish a new connection: [Errno 8] nodename nor servname provided, or not known',))",),)
[INFO]	asctime:2019-06-30 19:49:03,068	module:views	message:(8, 'nodename nor servname provided, or not known')
[INFO]	asctime:2019-06-30 19:49:15,628	module:views	message:(8, 'nodename nor servname provided, or not known')
[INFO]	asctime:2019-06-30 19:49:15,667	module:views	message:(MaxRetryError("HTTPSConnectionPool(host='api.bitbank.cc', port=443): Max retries exceeded with url: /v1/user/assets (Caused by NewConnectionError('<urllib3.connection.VerifiedHTTPSConnection object at 0x10f402358>: Failed to establish a new connection: [Errno 8] nodename nor servname provided, or not known',))",),)
[INFO]	asctime:2019-06-30 19:49:27,838	module:views	message:(8, 'nodename nor servname provided, or not known')
[INFO]	asctime:2019-06-30 19:49:27,839	module:views	message:(MaxRetryError("HTTPSConnectionPool(host='api.bitbank.cc', port=443): Max retries exceeded with url: /v1/user/assets (Caused by NewConnectionError('<urllib3.connection.VerifiedHTTPSConnection object at 0x10f482080>: Failed to establish a new connection: [Errno 8] nodename nor servname provided, or not known',))",),)
[INFO]	asctime:2019-06-30 19:49:38,871	module:views	message:(MaxRetryError("HTTPSConnectionPool(host='api.bitbank.cc', port=443): Max retries exceeded with url: /v1/user/assets (Caused by NewConnectionError('<urllib3.connection.VerifiedHTTPSConnection object at 0x10f45eb00>: Failed to establish a new connection: [Errno 8] nodename nor servname provided, or not known',))",),)
[INFO]	asctime:2019-06-30 19:49:38,902	module:views	message:(8, 'nodename nor servname provided, or not known')
[INFO]	asctime:2019-06-30 19:49:49,889	module:views	message:(8, 'nodename nor servname provided, or not known')
[INFO]	asctime:2019-06-30 19:49:49,891	module:views	message:(MaxRetryError("HTTPSConnectionPool(host='api.bitbank.cc', port=443): Max retries exceeded with url: /v1/user/assets (Caused by NewConnectionError('<urllib3.connection.VerifiedHTTPSConnection object at 0x10f455ba8>: Failed to establish a new connection: [Errno 8] nodename nor servname provided, or not known',))",),)
[INFO]	asctime:2019-06-30 19:50:00,894	module:views	message:(MaxRetryError("HTTPSConnectionPool(host='api.bitbank.cc', port=443): Max retries exceeded with url: /v1/user/assets (Caused by NewConnectionError('<urllib3.connection.VerifiedHTTPSConnection object at 0x10f58cc18>: Failed to establish a new connection: [Errno 8] nodename nor servname provided, or not known',))",),)
[INFO]	asctime:2019-06-30 19:50:00,919	module:views	message:(8, 'nodename nor servname provided, or not known')
[INFO]	asctime:2019-06-30 19:50:12,914	module:views	message:(61, 'Connection refused')
[INFO]	asctime:2019-06-30 19:50:12,918	module:views	message:(MaxRetryError("HTTPSConnectionPool(host='api.bitbank.cc', port=443): Max retries exceeded with url: /v1/user/assets (Caused by NewConnectionError('<urllib3.connection.VerifiedHTTPSConnection object at 0x10eb9cbe0>: Failed to establish a new connection: [Errno 61] Connection refused',))",),)
[INFO]	asctime:2019-06-30 19:50:15,968	module:views	message:(MaxRetryError("HTTPSConnectionPool(host='api.bitbank.cc', port=443): Max retries exceeded with url: /v1/user/assets (Caused by NewConnectionError('<urllib3.connection.VerifiedHTTPSConnection object at 0x10f5b9f60>: Failed to establish a new connection: [Errno 61] Connection refused',))",),)
[INFO]	asctime:2019-06-30 19:50:15,970	module:views	message:(61, 'Connection refused')
[ERROR]	asctime:2019-06-30 21:22:21,367	module:models	message:cancel bitbank order: ('エラーコード: 50027 内容: 不明なエラーです。サポートにお問い合わせ下さい',)
[ERROR]	asctime:2019-06-30 21:23:13,082	module:models	message:cancel bitbank order: ('エラーコード: 50027 内容: 不明なエラーです。サポートにお問い合わせ下さい',)
[ERROR]	asctime:2019-06-30 21:23:14,386	module:models	message:cancel bitbank order: ('エラーコード: 50027 内容: 不明なエラーです。サポートにお問い合わせ下さい',)
[ERROR]	asctime:2019-06-30 21:23:45,909	module:models	message:cancel bitbank order: ('エラーコード: 50027 内容: 不明なエラーです。サポートにお問い合わせ下さい',)
[ERROR]	asctime:2019-06-30 21:23:47,126	module:models	message:cancel bitbank order: ('エラーコード: 50027 内容: 不明なエラーです。サポートにお問い合わせ下さい',)
[INFO]	asctime:2019-07-02 23:44:48,360	module:views	message:(8, 'nodename nor servname provided, or not known')
[INFO]	asctime:2019-07-02 23:46:09,332	module:views	message:(8, 'nodename nor servname provided, or not known')
[INFO]	asctime:2019-07-03 07:09:31,226	module:views	message:(8, 'nodename nor servname provided, or not known')
[INFO]	asctime:2019-07-03 07:09:31,496	module:views	message:(MaxRetryError("HTTPSConnectionPool(host='api.bitbank.cc', port=443): Max retries exceeded with url: /v1/user/assets (Caused by NewConnectionError('<urllib3.connection.VerifiedHTTPSConnection object at 0x10fabf8d0>: Failed to establish a new connection: [Errno 8] nodename nor servname provided, or not known',))",),)
[INFO]	asctime:2019-07-04 14:43:55,028	module:views	message:(8, 'nodename nor servname provided, or not known')
[INFO]	asctime:2019-07-04 15:30:47,233	module:views	message:(8, 'nodename nor servname provided, or not known')
[INFO]	asctime:2019-07-04 16:15:34,177	module:views	message:(MaxRetryError("HTTPSConnectionPool(host='api.bitbank.cc', port=443): Max retries exceeded with url: /v1/user/assets (Caused by NewConnectionError('<urllib3.connection.VerifiedHTTPSConnection object at 0x1101926d8>: Failed to establish a new connection: [Errno 8] nodename nor servname provided, or not known',))",),)
[INFO]	asctime:2019-07-04 16:15:34,403	module:views	message:(MaxRetryError("HTTPSConnectionPool(host='api.bitbank.cc', port=443): Max retries exceeded with url: /v1/user/assets (Caused by NewConnectionError('<urllib3.connection.VerifiedHTTPSConnection object at 0x110224b00>: Failed to establish a new connection: [Errno 8] nodename nor servname provided, or not known',))",),)
[INFO]	asctime:2019-07-04 16:15:37,952	module:views	message:(MaxRetryError("HTTPSConnectionPool(host='api.bitbank.cc', port=443): Max retries exceeded with url: /v1/user/assets (Caused by NewConnectionError('<urllib3.connection.VerifiedHTTPSConnection object at 0x10eda97b8>: Failed to establish a new connection: [Errno 8] nodename nor servname provided, or not known',))",),)
[INFO]	asctime:2019-07-04 16:15:37,973	module:views	message:(8, 'nodename nor servname provided, or not known')
[INFO]	asctime:2019-07-04 19:11:56,229	module:views	message:(8, 'nodename nor servname provided, or not known')
[INFO]	asctime:2019-07-04 19:11:56,252	module:views	message:(MaxRetryError("HTTPSConnectionPool(host='api.bitbank.cc', port=443): Max retries exceeded with url: /v1/user/assets (Caused by NewConnectionError('<urllib3.connection.VerifiedHTTPSConnection object at 0x1102af908>: Failed to establish a new connection: [Errno 8] nodename nor servname provided, or not known',))",),)
