[INFO]	asctime:2019-09-20 23:29:45,815	module:monitor_ticker	message:started
[INFO]	asctime:2019-09-20 23:30:27,877	module:monitor_ticker	message:started
[INFO]	asctime:2019-09-20 23:30:51,953	module:monitor_ticker	message:started
[INFO]	asctime:2019-09-20 23:31:49,259	module:monitor_ticker	message:completed
[INFO]	asctime:2019-09-21 08:43:32,452	module:monitor_ticker	message:started
[INFO]	asctime:2019-09-21 08:44:20,632	module:monitor_ticker	message:started
[INFO]	asctime:2019-09-21 08:46:04,740	module:monitor_ticker	message:started
[INFO]	asctime:2019-09-21 08:47:22,343	module:monitor_ticker	message:started
[INFO]	asctime:2019-09-21 08:51:55,916	module:monitor_ticker	message:started
[INFO]	asctime:2019-09-21 08:52:55,090	module:monitor_ticker	message:completed
[INFO]	asctime:2019-09-21 09:16:55,446	module:monitor_ticker	message:started
[INFO]	asctime:2019-09-21 09:17:53,321	module:monitor_ticker	message:completed
[INFO]	asctime:2019-09-21 09:27:55,809	module:monitor_ticker	message:started
[INFO]	asctime:2019-09-21 09:27:57,755	module:monitor_ticker	message:逆指値buy: ストップ金額=1092982.0 現在買レート=1093001.0 現在売レート=1093001.0
[INFO]	asctime:2019-09-21 09:27:57,758	module:monitor_ticker	message:逆指値注文:Noneを注文しました
[INFO]	asctime:2019-09-21 09:27:59,933	module:monitor_ticker	message:逆指値buy: ストップ金額=1092982.0 現在買レート=1093001.0 現在売レート=1093001.0
[INFO]	asctime:2019-09-21 09:27:59,935	module:monitor_ticker	message:逆指値注文:Noneを注文しました
[INFO]	asctime:2019-09-21 09:28:02,249	module:monitor_ticker	message:逆指値buy: ストップ金額=1092982.0 現在買レート=1093001.0 現在売レート=1093001.0
[INFO]	asctime:2019-09-21 09:28:02,251	module:monitor_ticker	message:逆指値注文:Noneを注文しました
[INFO]	asctime:2019-09-21 09:28:04,460	module:monitor_ticker	message:逆指値buy: ストップ金額=1092982.0 現在買レート=1093001.0 現在売レート=1093001.0
[INFO]	asctime:2019-09-21 09:28:04,462	module:monitor_ticker	message:逆指値注文:Noneを注文しました
[INFO]	asctime:2019-09-21 09:28:07,309	module:monitor_ticker	message:逆指値buy: ストップ金額=1092982.0 現在買レート=1093001.0 現在売レート=1093001.0
[INFO]	asctime:2019-09-21 09:28:07,311	module:monitor_ticker	message:逆指値注文:Noneを注文しました
[INFO]	asctime:2019-09-21 09:28:09,533	module:monitor_ticker	message:逆指値buy: ストップ金額=1092982.0 現在買レート=1093001.0 現在売レート=1093001.0
[INFO]	asctime:2019-09-21 09:28:09,535	module:monitor_ticker	message:逆指値注文:Noneを注文しました
[INFO]	asctime:2019-09-21 09:28:11,756	module:monitor_ticker	message:逆指値buy: ストップ金額=1092982.0 現在買レート=1093001.0 現在売レート=1093001.0
[INFO]	asctime:2019-09-21 09:28:11,758	module:monitor_ticker	message:逆指値注文:Noneを注文しました
[INFO]	asctime:2019-09-21 09:28:14,012	module:monitor_ticker	message:逆指値buy: ストップ金額=1092982.0 現在買レート=1093001.0 現在売レート=1093001.0
[INFO]	asctime:2019-09-21 09:28:14,019	module:monitor_ticker	message:逆指値注文:Noneを注文しました
[INFO]	asctime:2019-09-21 09:28:16,199	module:monitor_ticker	message:逆指値buy: ストップ金額=1092982.0 現在買レート=1093001.0 現在売レート=1093001.0
[INFO]	asctime:2019-09-21 09:28:16,201	module:monitor_ticker	message:逆指値注文:Noneを注文しました
[INFO]	asctime:2019-09-21 09:28:18,463	module:monitor_ticker	message:逆指値buy: ストップ金額=1092982.0 現在買レート=1093001.0 現在売レート=1093001.0
[INFO]	asctime:2019-09-21 09:28:18,465	module:monitor_ticker	message:逆指値注文:Noneを注文しました
[INFO]	asctime:2019-09-21 09:28:20,920	module:monitor_ticker	message:逆指値buy: ストップ金額=1092982.0 現在買レート=1093001.0 現在売レート=1093001.0
[INFO]	asctime:2019-09-21 09:28:20,922	module:monitor_ticker	message:逆指値注文:Noneを注文しました
[INFO]	asctime:2019-09-21 09:28:23,133	module:monitor_ticker	message:逆指値buy: ストップ金額=1092982.0 現在買レート=1093001.0 現在売レート=1093001.0
[INFO]	asctime:2019-09-21 09:28:23,135	module:monitor_ticker	message:逆指値注文:Noneを注文しました
[INFO]	asctime:2019-09-21 10:12:03,449	module:monitor_ticker	message:started
[INFO]	asctime:2019-09-21 10:12:04,734	module:monitor_ticker	message:逆指値buy: ストップ金額=1092982.0 現在買レート=1093537.0 現在売レート=1093537.0
[ERROR]	asctime:2019-09-21 10:12:05,063	module:monitor_ticker	message:逆指値注文:85の注文が失敗しました。注文タイプが不正です
[INFO]	asctime:2019-09-21 10:15:46,245	module:monitor_ticker	message:started
[INFO]	asctime:2019-09-21 10:16:08,140	module:monitor_ticker	message:逆指値buy: ストップ金額=1094425.0 現在買レート=1094436.0 現在売レート=1094436.0
[INFO]	asctime:2019-09-21 10:16:08,636	module:monitor_ticker	message:逆指値注文:653307770を注文しました
[INFO]	asctime:2019-09-21 10:16:44,211	module:monitor_ticker	message:completed
[INFO]	asctime:2019-09-21 10:25:15,276	module:monitor_ticker	message:started
